1	1.0
387	0.0
622	1.0
637	0.0
241279	1.0
284275	0.0
330630	1.0
413913	0.0
500434	1.0
500449	0.0
500905	1.0
500920	0.0
500926	1.0
500941	0.0
583402	1.0
583420	0.0
583431	1.0
583446	0.0
583457	1.0
583484	0.0
836292	1.0
836550	0.0
837508	1.0
838201	0.0
838674	1.0
839207	0.0
842040	1.0
842180	0.0
843577	1.0
847002	2.0
849476	1.0
850292	2.0
850307	1.0
850749	2.0
855229	1.0
855332	2.0
855643	1.0
855685	2.0
857124	1.0
857198	2.0
857449	1.0
928239	2.0
928255	1.0
929716	2.0
932890	1.0
932985	2.0
936617	1.0
936754	2.0
937485	1.0
937604	2.0
937618	1.0
937873	2.0
937888	1.0
938237	2.0
938251	1.0
938568	2.0
942250	0.0
942603	1.0
942604	2.0
942618	0.0
942691	1.0
942692	2.0
943332	1.0
943349	2.0
943793	1.0
1012689	2.0
1012690	3.0
1015569	1.0
1017503	2.0
1017504	3.0
1017787	1.0
1018042	2.0
1018043	3.0
1018760	1.0
1019013	2.0
1019014	3.0
1019697	1.0
1020252	2.0
1020253	3.0
1020267	1.0
1020370	2.0
1020371	3.0
1020385	1.0
1020415	2.0
1020416	3.0
1020430	1.0
1020691	2.0
1020692	3.0
1021333	1.0
1021583	2.0
1021584	3.0
1024477	1.0
1024708	2.0
1024709	3.0
1024907	1.0
1025040	2.0
1025041	3.0
1025055	1.0
1025454	2.0
1025455	3.0
1025470	1.0
1025755	2.0
1025756	3.0
1026338	1.0
1026603	2.0
1026604	3.0
1029435	1.0
1030142	2.0
1030143	3.0
1030314	1.0
1030383	2.0
1030384	3.0
1030399	1.0
1030665	2.0
1030666	3.0
1031703	1.0
1031890	2.0
1031891	3.0
1032138	1.0
1032442	2.0
1032443	3.0
1039524	4.0
1039525	10.0
1039526	17.0
1039527	21.0
1039528	22.0
1039529	23.0
1040176	3.0
1040404	4.0
1040405	8.0
1040406	15.0
1040407	19.0
1040408	21.0
1040409	23.0
1042220	3.0
1042252	4.0
1042253	8.0
1042254	15.0
1042255	19.0
1042256	21.0
1042257	23.0
1042267	3.0
1042367	4.0
1042368	8.0
1042369	15.0
1042370	19.0
1042371	21.0
1042372	23.0
1042986	20.0
1042987	22.0
1042988	23.0
1042991	23.0
1042997	3.0
1043097	4.0
1043098	8.0
1043099	15.0
1043100	19.0
1043101	21.0
1043102	23.0
1045528	3.0
1045646	4.0
1045647	9.0
1045648	16.0
1045649	20.0
1045650	22.0
1045651	23.0
1046433	3.0
1046553	4.0
1046554	9.0
1046555	16.0
1046556	20.0
1046557	22.0
1046558	23.0
1046568	3.0
1046642	4.0
1046643	9.0
1046644	16.0
1046645	20.0
1046646	22.0
1046647	23.0
1046657	3.0
1046771	4.0
1046772	9.0
1046773	16.0
1046774	20.0
1046775	22.0
1046776	23.0
1046779	23.0
1046785	3.0
1046918	4.0
1046919	9.0
1046920	16.0
1046921	20.0
1046922	22.0
1046923	23.0
1046926	23.0
1046932	3.0
1047149	4.0
1047150	9.0
1047151	16.0
1047152	20.0
1047153	22.0
1047154	23.0
1047157	23.0
1047163	3.0
1047260	4.0
1047261	9.0
1047262	16.0
1047263	20.0
1047264	22.0
1047265	23.0
1047268	23.0
1047274	3.0
1047306	4.0
1047307	9.0
1047308	16.0
1047309	20.0
1047310	22.0
1047311	23.0
1047321	3.0
1047479	4.0
1047480	9.0
1047481	16.0
1047482	20.0
1047483	22.0
1047484	23.0
1053435	22.0
1106219	20.0
1106848	21.0
1106849	22.0
1110624	23.0
1110646	22.0
1110662	23.0
1110672	22.0
1110689	23.0
1111288	24.0
1111303	23.0
1111506	24.0
1112005	23.0
1112135	2.0
1112278	3.0
1112279	4.0
1112280	10.0
1112281	18.0
1112282	21.0
1112283	22.0
1112284	23.0
1112286	23.0
1112407	24.0
1112418	23.0
1112486	24.0
1112905	23.0
1113124	24.0
1113777	23.0
1116092	2.0
1116152	3.0
1116153	4.0
1116154	10.0
1116155	19.0
1116156	23.0
1116167	2.0
1116216	3.0
1116217	4.0
1116218	10.0
1116219	19.0
1116220	23.0
1120350	24.0
1120457	23.0
1121010	2.0
1121058	3.0
1121059	4.0
1121060	9.0
1121061	16.0
1121062	20.0
1121063	22.0
1121064	23.0
1121624	2.0
1121735	3.0
1121736	4.0
1121737	9.0
1121738	16.0
1121739	20.0
1121740	22.0
1121741	23.0
1122082	2.0
1123010	3.0
1123011	4.0
1123012	9.0
1123013	16.0
1123014	20.0
1123015	22.0
1123016	23.0
1123403	2.0
1123905	3.0
1123906	4.0
1123907	8.0
1123908	15.0
1123909	19.0
1123910	21.0
1123911	22.0
1124157	2.0
1126344	3.0
1126345	4.0
1126346	8.0
1126347	15.0
1126348	19.0
1126349	21.0
1126350	22.0
1126352	22.0
1126358	2.0
1127277	3.0
1127278	4.0
1127279	8.0
1127280	15.0
1127281	19.0
1127282	21.0
1127283	22.0
1127285	22.0
1127291	2.0
1128586	3.0
1128587	4.0
1128588	8.0
1128589	15.0
1128590	19.0
1128591	21.0
1128592	22.0
1129054	2.0
1141581	1.0
1141635	2.0
1141650	1.0
1145494	2.0
1152279	1.0
1152408	2.0
1152422	1.0
1152732	2.0
1154037	1.0
1154169	2.0
1154183	1.0
1154607	2.0
1154796	1.0
1155052	2.0
1155066	1.0
1155514	2.0
1158455	1.0
1158573	2.0
1158587	1.0
1159092	2.0
1159547	1.0
1160071	2.0
1160085	1.0
1160327	2.0
1163540	1.0
1163664	2.0
1163678	1.0
1163789	2.0
1168747	1.0
1172492	2.0
1180535	1.0
1180654	2.0
1180668	1.0
1180812	2.0
1181189	1.0
1191457	2.0
1192192	1.0
1192473	2.0
1198380	1.0
1198696	2.0
1198710	1.0
1199671	2.0
1201217	1.0
1202505	2.0
1208646	1.0
1209316	2.0
1209317	3.0
1209318	7.0
1209319	14.0
1209320	18.0
1209321	20.0
1209322	21.0
1209331	1.0
1209526	2.0
1209527	3.0
1209528	7.0
1209529	14.0
1209530	18.0
1209531	20.0
1209532	21.0
1210092	1.0
1210480	2.0
1210481	3.0
1210482	7.0
1210483	14.0
1210484	18.0
1210485	20.0
1210486	21.0
1213023	20.0
1213366	21.0
1214584	20.0
1214654	21.0
1214810	20.0
1214955	21.0
1221513	0.0
1449009	1.0
1449010	2.0
1449011	3.0
1449012	7.0
1449013	14.0
1449014	18.0
1449015	21.0
1449269	22.0
1449393	21.0
1449413	22.0
1449424	21.0
1449597	22.0
1450464	21.0
1450479	22.0
1450743	23.0
1452198	22.0
1452465	0.0
1452712	1.0
1452713	2.0
1452714	3.0
1452715	7.0
1452716	15.0
1452717	19.0
1452718	22.0
1453509	23.0
1454306	22.0
1454627	23.0
1454636	22.0
1454830	23.0
1455172	22.0
1455628	23.0
1455638	22.0
1464196	23.0
1464233	22.0
1464305	23.0
1464315	22.0
1464649	23.0
1464670	22.0
1464683	23.0
1464692	22.0
1464945	23.0
1464953	22.0
1465306	23.0
1465829	22.0
1465998	23.0
1468343	22.0
1468664	23.0
1468962	22.0
1468974	23.0
1468987	22.0
1469118	23.0
1469355	22.0
1469369	23.0
1473485	24.0
1474060	23.0
1474170	24.0
1490522	25.0
1490537	24.0
1490992	25.0
1495054	24.0
1495658	25.0
1497907	24.0
1500641	25.0
1522297	24.0
1530381	25.0
1532653	24.0
1532727	25.0
1533808	24.0
1534036	25.0
1534214	24.0
1535941	25.0
1536642	24.0
1536831	25.0
1536847	24.0
1536869	25.0
1537413	24.0
1537467	25.0
1537541	24.0
1537706	25.0
1547202	1.0
1547641	2.0
1547642	4.0
1547643	8.0
1547644	16.0
1547645	20.0
1547646	23.0
1547647	25.0
1547656	16.0
1547657	20.0
1547658	23.0
1547659	25.0
1548283	1.0
1548371	2.0
1548372	4.0
1548373	8.0
1548374	16.0
1548375	20.0
1548376	23.0
1548377	25.0
1550095	24.0
1550126	1.0
1550145	2.0
1550680	3.0
1550681	4.0
1550682	8.0
1550683	16.0
1550684	20.0
1550685	23.0
1550686	25.0
1550695	2.0
1550808	1.0
1550913	2.0
1550914	3.0
1550915	7.0
1550916	15.0
1550917	19.0
1550918	22.0
1550919	24.0
1550928	1.0
1551607	2.0
1551637	3.0
1551638	4.0
1551639	8.0
1551640	16.0
1551641	20.0
1551642	23.0
1551643	25.0
1552651	24.0
1553359	25.0
1553375	24.0
1553383	25.0
1553396	24.0
1553606	1.0
1553663	2.0
1553664	3.0
1553665	7.0
1553666	15.0
1553667	19.0
1553668	22.0
1553669	24.0
1553678	1.0
1554236	2.0
1554251	1.0
1554284	2.0
1554428	3.0
1554429	4.0
1554430	8.0
1554431	16.0
1554432	20.0
1554433	23.0
1554434	25.0
1554715	24.0
1554953	25.0
1555333	24.0
1555601	1.0
1555966	2.0
1555980	1.0
1556084	2.0
1556098	1.0
1556226	2.0
1556227	3.0
1556228	7.0
1556229	15.0
1556230	19.0
1556231	21.0
1556232	24.0
1556241	1.0
1556801	2.0
1556802	3.0
1556803	7.0
1556804	15.0
1556805	19.0
1556806	21.0
1556807	24.0
1556886	25.0
1556900	24.0
1557065	25.0
1557080	24.0
1557141	25.0
1560049	2.0
1573467	1.0
1625769	0.0
1631060	1.0
1632072	0.0
1632136	1.0
1635687	0.0
1636153	1.0
1639270	0.0
1639457	1.0
1639473	0.0
1639771	1.0
1641196	0.0
1641669	1.0
1641685	0.0
1641884	1.0
1642014	0.0
1642229	1.0
1642890	0.0
1643110	1.0
1643882	0.0
1644041	1.0
1644448	0.0
1715004	1.0
1715005	2.0
1717613	0.0
1717743	1.0
1717744	2.0
1717759	0.0
1717890	1.0
1717891	2.0
1718478	0.0
1718644	1.0
1719678	2.0
1720375	0.0
1720407	1.0
1720408	2.0
1730297	1.0
1731236	2.0
2052710	1.0
2052788	2.0
2053453	1.0
2053747	2.0
2053763	1.0
2054084	2.0
2054635	1.0
2054644	2.0
2062294	1.0
2062430	2.0
2062446	1.0
2063432	2.0
2063447	1.0
2063623	2.0
2064339	1.0
2064750	2.0
2064765	1.0
2065081	2.0
2074192	1.0
2222755	2.0
2222756	3.0
2223759	1.0
2224931	2.0
2224932	3.0
2225628	1.0
2225847	2.0
2225848	3.0
2225862	1.0
2226080	2.0
2226081	3.0
2232153	1.0
2244085	2.0
2244086	3.0
2244471	1.0
2244690	2.0
2244691	3.0
2263866	2.0
2264648	3.0
2264662	2.0
2266065	3.0
2266080	2.0
2266391	3.0
2266405	2.0
2266453	3.0
2267279	2.0
2268948	3.0
2271846	2.0
2272174	3.0
2272699	2.0
2274336	3.0
2275424	2.0
2275910	3.0
2276398	2.0
2277371	3.0
2277385	2.0
2277812	3.0
2278195	2.0
2279015	3.0
2279029	2.0
2279916	3.0
2279931	2.0
2280367	3.0
2280779	2.0
2281178	3.0
2281193	2.0
2282167	3.0
2282773	2.0
2282804	3.0
2283644	2.0
2284322	3.0
2287100	2.0
2290005	3.0
2290725	2.0
2292417	3.0
2292556	2.0
2293445	3.0
2293459	2.0
2293469	3.0
2293484	2.0
2293569	3.0
2293583	2.0
2295969	3.0
2296140	2.0
2349047	3.0
2350239	2.0
2350747	3.0
2351998	2.0
2352595	3.0
2352948	2.0
2353089	3.0
2355568	2.0
2358426	3.0
2360082	2.0
2360088	3.0
2360102	2.0
2360620	3.0
2360634	2.0
2360789	3.0
2361012	2.0
2362749	3.0
2362763	2.0
2362952	3.0
2364455	2.0
2369262	3.0
2374676	2.0
2374741	3.0
2375042	2.0
2375161	3.0
2375175	2.0
2376463	3.0
2377313	2.0
2380063	3.0
2384533	2.0
2406811	1.0
2407402	2.0
2407418	1.0
2407696	2.0
2410020	1.0
2410097	2.0
2410658	1.0
2410995	2.0
2411010	1.0
2411302	2.0
2411318	1.0
2411654	2.0
2411669	1.0
2411699	2.0
2411714	1.0
2411852	2.0
2411868	1.0
2411979	2.0
2412582	1.0
2412908	2.0
2414945	1.0
2415171	2.0
2528214	3.0
2528272	2.0
2528639	3.0
2532653	2.0
2533054	3.0
2533732	2.0
2533973	3.0
2534651	2.0
2534717	3.0
2534731	2.0
2534978	3.0
2535540	2.0
2535783	3.0
2536401	2.0
2536697	3.0
2537303	2.0
2538416	3.0
2541078	2.0
2541290	3.0
2541986	2.0
2544736	3.0
2549058	2.0
2550137	3.0
2551004	2.0
2551053	3.0
2551746	2.0
2551973	3.0
2552652	2.0
2552899	3.0
2553486	2.0
2553782	3.0
2554433	2.0
2556457	3.0
2557157	2.0
2559656	3.0
2559880	2.0
2560086	3.0
2560740	2.0
2564897	3.0
2566162	2.0
2566861	3.0
2566876	2.0
2566985	3.0
2570575	2.0
2573020	3.0
2573477	2.0
2573855	3.0
2574385	2.0
2575509	3.0
2576366	2.0
2581344	3.0
2583970	2.0
2584097	3.0
2584112	2.0
2584144	3.0
2584159	2.0
2584407	3.0
2584548	2.0
2584549	3.0
2586387	2.0
2587268	3.0
2587283	2.0
2588984	3.0
2589919	2.0
2591022	3.0
2591037	2.0
2591314	3.0
2591328	2.0
2654053	1.0
2654572	2.0
2655125	1.0
2655538	2.0
2662139	1.0
2662296	2.0
2662312	1.0
2662910	2.0
2663255	1.0
2663521	2.0
2666452	1.0
2666898	2.0
2667732	1.0
2667825	2.0
2667841	1.0
2669835	2.0
2670412	1.0
2670506	2.0
2673015	1.0
2673062	2.0
2673077	1.0
2673489	2.0
2674711	1.0
2674943	2.0
2675461	1.0
2677730	2.0
2677745	1.0
2738974	2.0
2740554	1.0
2740710	2.0
2748071	0.0
2748339	1.0
2748340	2.0
2749137	1.0
2749303	2.0
2749428	1.0
2749459	2.0
2749473	1.0
2749898	2.0
2750628	1.0
2750645	2.0
2750857	1.0
2752402	0.0
2753855	1.0
2753870	0.0
2754235	1.0
2754250	0.0
2754315	1.0
2754330	0.0
2754591	1.0
2754999	0.0
2755493	1.0
2762023	2.0
2765291	3.0
2765848	2.0
2819449	3.0
2819484	2.0
2819554	3.0
2820535	2.0
2824129	1.0
2824407	2.0
2826759	1.0
2827197	2.0
2827844	1.0
2828605	2.0
2828620	1.0
2829011	2.0
2834928	1.0
2835172	2.0
2835881	1.0
2836017	2.0
2836893	1.0
2837995	2.0
2838868	1.0
2839237	2.0
2839251	1.0
2839697	2.0
2840335	1.0
3258251	2.0
3258919	1.0
3258949	2.0
3258964	1.0
3259339	2.0
3259805	1.0
3260678	2.0
3260694	1.0
3261431	2.0
3261447	1.0
3261808	2.0
3262534	1.0
3263305	0.0
3263350	1.0
3264038	2.0
3267055	1.0
3267254	2.0
3267732	1.0
3267942	2.0
3273974	1.0
3274214	2.0
3274229	1.0
3274374	2.0
3274535	1.0
3277597	2.0
3277613	1.0
3277647	2.0
3277663	1.0
3278399	2.0
3278520	1.0
3278881	2.0
3279555	1.0
3279881	2.0
3280331	1.0
3280608	2.0
3281238	1.0
3281299	2.0
3281488	1.0
3281522	2.0
3281538	1.0
3282514	2.0
3283103	1.0
3283481	2.0
3283822	1.0
3350392	0.0
3351440	1.0
3351455	0.0
3352216	1.0
3352231	0.0
3352570	1.0
3352774	2.0
3353283	1.0
3353302	0.0
3353566	1.0
3353582	0.0
3353984	1.0
3353985	2.0
3353999	0.0
3354219	1.0
3354302	2.0
3359554	1.0
3428543	2.0
3430856	1.0
3433405	2.0
3433523	1.0
3434658	2.0
3437167	1.0
3437545	2.0
3439468	1.0
3440502	2.0
3440517	1.0
3441808	0.0
3441985	1.0
3442001	0.0
3442364	1.0
3442658	0.0
3442831	1.0
3442846	0.0
3442857	1.0
3443522	0.0
3443545	1.0
3443561	0.0
3443738	1.0
3443739	2.0
3444707	0.0
3444877	1.0
3445240	0.0
3457697	1.0
3458450	0.0
3458635	1.0
3458650	0.0
3511445	1.0
3511446	2.0
3511447	3.0
3511448	5.0
3511449	10.0
3511450	14.0
3511451	16.0
3511452	17.0
3511461	0.0
3518980	1.0
3519062	2.0
3522254	0.0
3522297	1.0
3522298	2.0
3522435	1.0
3522508	2.0
3523152	1.0
3523182	2.0
3523196	1.0
3523228	2.0
3528889	1.0
3529345	2.0
3529534	1.0
3535783	2.0
3535797	1.0
3536051	2.0
3537247	1.0
3537478	2.0
3537494	1.0
3537574	2.0
3537589	1.0
3537627	2.0
3537643	1.0
3537911	0.0
3538672	1.0
3538687	0.0
3539213	1.0
3539228	0.0
3539897	1.0
3541304	0.0
3541459	1.0
3541475	0.0
3541517	1.0
3541532	0.0
3542030	1.0
3542101	0.0
3542197	1.0
3542212	0.0
3602519	1.0
3603041	2.0
3603549	1.0
3603697	2.0
3605324	1.0
3605380	0.0
3605600	1.0
3605601	2.0
3607287	0.0
3607321	1.0
3607322	2.0
3607336	0.0
3607612	1.0
3607613	2.0
3607772	0.0
3607796	1.0
3607797	2.0
3608820	0.0
3609744	1.0
3609745	2.0
3609760	0.0
3609812	1.0
3609813	2.0
3609828	0.0
3609966	1.0
3609967	2.0
3611680	1.0
3611776	2.0
3615419	1.0
3620571	0.0
3621041	1.0
3621076	2.0
3621249	1.0
3621744	2.0
3621781	0.0
3621793	1.0
3621794	2.0
3622168	0.0
3622664	1.0
3622804	2.0
3623294	1.0
3623468	2.0
3623484	1.0
3623618	2.0
3623634	1.0
3623651	2.0
3623780	1.0
3624227	0.0
3624456	1.0
3624986	0.0
3625374	1.0
3625699	0.0
3627415	1.0
3627430	0.0
3627539	1.0
3949552	0.0
3949856	1.0
3950688	0.0
3951271	1.0
3951847	0.0
3952129	1.0
3952231	0.0
3952314	1.0
3952330	0.0
3952883	1.0
3969441	0.0
3969763	1.0
3969779	0.0
3970097	1.0
3970789	0.0
3970977	1.0
3971652	0.0
3971897	1.0
3972312	0.0
3972466	1.0
4038071	0.0
4038126	1.0
4038892	0.0
4038925	1.0
4038940	0.0
4039401	1.0
4039593	0.0
4039739	1.0
4041026	0.0
4041726	1.0
4042283	0.0
4042383	1.0
4042399	0.0
4042629	1.0
4043207	0.0
4043506	1.0
4044177	0.0
4044423	1.0
4044438	0.0
4045302	1.0
4046060	0.0
4046128	1.0
4046144	0.0
4046498	1.0
4046844	0.0
4046929	1.0
4046944	0.0
4047104	1.0
4048639	0.0
4048903	1.0
4052054	0.0
4053514	1.0
4054318	0.0
4054704	1.0
4054966	0.0
4055030	1.0
4055904	0.0
4056112	1.0
4056127	0.0
4056513	1.0
4056666	0.0
4056796	1.0
4056812	0.0
4059807	1.0
4060315	0.0
4737118	1.0
4737232	0.0
4737715	1.0
4737731	0.0
4738340	1.0
4739092	0.0
4739332	1.0
4742695	0.0
4743321	1.0
4743336	0.0
4744025	1.0
4744040	0.0
4744867	1.0
4745181	0.0
4746007	1.0
4746023	0.0
4746635	1.0
4747962	0.0
4748468	1.0
4751217	0.0
4752169	1.0
4752184	0.0
4752755	1.0
4753021	0.0
4828042	1.0
4828630	0.0
4828951	1.0
4828966	0.0
4829121	1.0
4829136	0.0
4829298	1.0
4832576	0.0
4833013	1.0
4833538	0.0
4833582	1.0
4833838	0.0
4834456	1.0
4834552	0.0
4835024	1.0
4835211	0.0
