2059896	1.0
2059897	2.0
2059898	4.0
2061767	5.0
2061768	7.0
2061769	14.0
2061770	21.0
2061771	22.0
2061889	22.0
2061900	4.0
2062382	0.0
2064236	1.0
2064237	2.0
2064238	4.0
2064653	0.0
2240656	1.0
2240657	4.0
2240658	10.0
2240659	18.0
2240660	24.0
2240661	25.0
2241750	1.0
2241829	2.0
2241830	6.0
2241831	12.0
2241832	22.0
2241833	24.0
2241834	25.0
2241898	1.0
2241948	2.0
2241949	8.0
2241950	18.0
2241951	24.0
2241952	25.0
2242131	24.0
2242155	25.0
2242163	2.0
2242170	1.0
2242200	2.0
2242201	7.0
2242202	14.0
2242203	17.0
2242204	19.0
2242205	22.0
2242206	23.0
2242207	24.0
2242311	25.0
2242325	24.0
2242445	25.0
2242610	24.0
2242676	25.0
2242692	24.0
2242702	25.0
2242717	24.0
2242725	25.0
2244658	26.0
2245771	25.0
2247788	24.0
2247954	25.0
2247967	24.0
2248394	25.0
2248403	24.0
2248419	25.0
2248431	24.0
2251894	23.0
2257946	22.0
2317949	23.0
2317950	24.0
2318807	25.0
2318819	24.0
2318883	25.0
2319066	24.0
2319094	23.0
2319113	24.0
2319157	25.0
2319171	24.0
2319176	25.0
2319237	24.0
2319267	23.0
2319281	24.0
2319293	23.0
2321110	22.0
2321829	23.0
2321842	22.0
2322539	23.0
2322578	24.0
2322591	25.0
2322598	25.0
2322603	23.0
2322615	24.0
2322616	25.0
2322623	25.0
2322628	23.0
2322686	24.0
2322687	25.0
2322758	24.0
2323278	25.0
2323291	24.0
2323801	25.0
2323848	24.0
2329912	25.0
2329925	23.0
2329926	22.0
2333832	23.0
2334047	22.0
2676852	21.0
2677500	22.0
2677703	21.0
2735444	22.0
2735458	23.0
2735671	21.0
2735687	22.0
2735688	23.0
2735696	23.0
2735697	21.0
2736225	22.0
2736226	23.0
2736712	21.0
2754448	20.0
2754522	21.0
2754577	20.0
2821934	21.0
2821945	20.0
2821960	21.0
2821971	20.0
2821987	21.0
2821998	20.0
2822014	21.0
2822025	20.0
2822041	21.0
2822052	20.0
2822068	21.0
2824716	20.0
2824932	21.0
2825627	20.0
2827430	21.0
2827441	20.0
2828035	21.0
2828039	22.0
2828049	21.0
2828064	22.0
2828090	20.0
2829202	18.0
2829232	19.0
2829233	20.0
2830062	18.0
2830426	19.0
2830427	20.0
2830434	20.0
2830436	18.0
2830556	19.0
2830557	20.0
2830900	18.0
2835697	19.0
2835698	20.0
2835699	21.0
2835700	22.0
2835766	18.0
2837104	17.0
2848714	16.0
2850316	17.0
2850341	16.0
2850528	17.0
2850542	16.0
2916357	17.0
2916446	16.0
2923743	17.0
2923756	16.0
2923861	15.0
2923868	16.0
2923892	17.0
2923904	16.0
2924199	15.0
2925642	16.0
2925653	15.0
2925963	16.0
2925973	15.0
2926440	16.0
2929303	17.0
2929622	16.0
2929733	17.0
2931019	16.0
2931693	17.0
2932342	18.0
2932849	17.0
2993377	18.0
2993392	17.0
2993764	18.0
2993775	17.0
2993839	18.0
2995230	17.0
2995737	18.0
2996980	17.0
2997655	18.0
2997668	17.0
3115909	18.0
3117076	17.0
3118079	18.0
3118245	17.0
3118812	18.0
3119145	17.0
3259996	18.0
3259997	19.0
3260472	17.0
3261647	16.0
3262575	17.0
3263152	16.0
3263371	17.0
3263382	16.0
3263647	17.0
3263819	16.0
3264235	17.0
3352453	18.0
3352464	17.0
3357001	18.0
3357014	17.0
3357315	18.0
3357860	17.0
3432752	16.0
3435917	17.0
3440279	18.0
3440774	17.0
3440815	18.0
3440830	17.0
3440874	18.0
3440885	19.0
3440899	17.0
3440900	18.0
3440901	19.0
3440919	20.0
3441058	21.0
3441059	22.0
3441066	22.0
3441071	20.0
3441098	19.0
3441148	18.0
3441263	19.0
3441275	18.0
3442522	17.0
3442566	18.0
3442578	17.0
3442680	18.0
3442981	19.0
3442982	20.0
3443561	18.0
3444431	19.0
3444442	18.0
3444453	19.0
3444464	18.0
3444480	19.0
3444491	18.0
3444494	19.0
3444505	18.0
3444515	17.0
3444613	18.0
3444626	17.0
3444650	18.0
3444651	19.0
3444664	17.0
3444739	18.0
3445438	19.0
3445439	20.0
3445600	18.0
3445881	19.0
3445882	20.0
3446144	19.0
3446433	20.0
3446583	21.0
3446607	18.0
3446636	19.0
3446637	20.0
3446638	21.0
3446745	19.0
3446746	18.0
3446785	19.0
3446800	18.0
3446915	17.0
3447072	18.0
3447087	17.0
3447160	18.0
3447481	19.0
3447482	20.0
3447495	18.0
3447562	19.0
3447563	20.0
3447952	18.0
3447974	19.0
3447975	20.0
3448333	19.0
3448415	20.0
3449271	18.0
3449391	19.0
3449393	20.0
3451065	7.0
3451080	8.0
3451081	11.0
3451082	12.0
3451083	14.0
3451084	17.0
3451085	20.0
3451088	20.0
3451093	7.0
3451147	8.0
3451148	10.0
3451149	11.0
3451150	12.0
3451151	14.0
3451152	17.0
3451153	20.0
3451161	7.0
3451236	8.0
3451237	11.0
3451238	12.0
3451239	14.0
3451240	17.0
3451241	20.0
3451649	8.0
3451650	10.0
3451651	11.0
3451652	12.0
3451653	14.0
3451654	17.0
3451655	20.0
3451892	21.0
3452022	20.0
3452246	19.0
3452325	17.0
3452440	16.0
3452492	17.0
3452494	18.0
3452553	6.0
3452567	7.0
3452568	9.0
3452569	10.0
3452570	14.0
3452571	16.0
3452572	17.0
3452573	18.0
3452575	18.0
3452579	6.0
3452638	7.0
3452639	9.0
3452640	10.0
3452641	12.0
3452642	15.0
3452643	18.0
3452648	19.0
3452702	9.0
3452710	10.0
3452711	11.0
3452712	13.0
3452713	16.0
3452714	19.0
3452718	19.0
3452723	9.0
3452764	10.0
3452765	11.0
3452766	13.0
3452767	16.0
3452768	19.0
3452777	16.0
3452778	19.0
3452857	20.0
3452870	19.0
3452999	7.0
3453076	8.0
3453077	9.0
3453080	10.0
3453081	11.0
3453082	13.0
3453083	17.0
3453084	19.0
3453085	20.0
3453260	18.0
3453330	19.0
3453331	20.0
3453338	20.0
3453342	18.0
3453343	17.0
3453999	5.0
3454262	6.0
3454263	7.0
3454264	9.0
3454265	12.0
3454266	15.0
3454267	16.0
3454268	17.0
3454270	17.0
3454275	5.0
3454614	6.0
3454615	7.0
3454616	10.0
3454617	15.0
3454618	17.0
3455913	5.0
3456040	6.0
3456041	7.0
3456042	10.0
3456043	15.0
3456044	17.0
3456668	5.0
3456677	6.0
3456678	7.0
3456679	10.0
3456680	15.0
3456681	17.0
3456690	5.0
3456725	6.0
3456726	7.0
3456727	10.0
3456728	15.0
3456729	17.0
3456738	5.0
3457255	6.0
3457256	7.0
3457257	10.0
3457258	15.0
3457259	17.0
3457600	16.0
3457770	17.0
3457786	16.0
3457791	4.0
3458526	5.0
3458527	6.0
3458528	9.0
3458529	14.0
3458530	16.0
3511445	17.0
3511454	16.0
3527636	17.0
3528069	16.0
4035968	17.0
4035978	16.0
4038484	17.0
4038501	16.0
4048711	17.0
4049071	16.0
4059052	16.0
4059053	14.0
4059061	15.0
4059062	16.0
4059070	16.0
4059071	14.0
4059118	15.0
4059325	16.0
4059494	15.0
4059634	14.0
4059975	15.0
4060510	14.0
4060745	15.0
4061085	16.0
4062046	14.0
4062155	15.0
4062156	16.0
4063252	14.0
4063532	15.0
4063533	16.0
4065054	15.0
4066370	14.0
4066412	15.0
4066422	14.0
4124677	15.0
4125275	14.0
4132214	15.0
4132339	14.0
4133896	15.0
4133963	14.0
4134522	15.0
4135726	14.0
4135817	15.0
4135830	14.0
4135838	15.0
4135846	14.0
4470339	12.0
4471114	13.0
4471115	14.0
4472597	12.0
4473130	13.0
4473131	14.0
4473360	12.0
4473966	13.0
4473967	14.0
4473977	12.0
4474089	13.0
4474090	14.0
4474097	14.0
4474099	12.0
4476595	13.0
4476596	14.0
4476851	12.0
4485516	13.0
4485517	14.0
4486222	12.0
4486231	13.0
4486232	14.0
4486240	14.0
4486241	12.0
4486319	13.0
4486320	14.0
4487206	14.0
4487207	12.0
4487389	13.0
4487390	14.0
4488044	12.0
4550122	13.0
4553022	12.0
4553372	13.0
4553570	12.0
4553866	13.0
4553876	12.0
4554413	13.0
4554509	12.0
4554730	13.0
4555124	12.0
4556589	13.0
4556922	14.0
4556957	13.0
4557064	12.0
4557138	13.0
4557191	12.0
4557593	13.0
4557603	12.0
4557791	13.0
4558445	14.0
4558446	15.0
4558694	14.0
4559123	15.0
4559134	14.0
4559322	15.0
4559327	16.0
4559337	15.0
4559455	16.0
4559465	15.0
4560087	14.0
4560091	13.0
4560658	12.0
4560676	13.0
4560841	14.0
4561210	13.0
4561226	14.0
4561235	13.0
4561431	14.0
4561720	13.0
4562069	12.0
4563229	13.0
4563230	14.0
4563240	12.0
4563857	13.0
4565106	12.0
4565381	13.0
4565391	12.0
4565479	13.0
4565489	12.0
4580349	4.0
4580412	5.0
4580413	6.0
4580414	8.0
4580415	11.0
4580416	12.0
4580550	4.0
4580842	5.0
4580843	6.0
4580844	8.0
4580845	11.0
4580846	12.0
4581484	4.0
4581653	5.0
4581654	6.0
4581655	8.0
4581656	11.0
4581657	12.0
4582202	4.0
4582507	5.0
4582508	6.0
4582509	8.0
4582510	11.0
4582511	12.0
4582520	4.0
4582558	5.0
4582559	6.0
4582560	8.0
4582561	11.0
4582562	12.0
4583221	4.0
4583494	5.0
4583495	6.0
4583496	8.0
4583497	11.0
4583498	12.0
4583961	4.0
4584579	5.0
4584580	6.0
4584581	8.0
4584582	11.0
4584583	12.0
4585397	4.0
4585926	5.0
4585927	6.0
4585928	8.0
4585929	11.0
4585930	12.0
4627904	13.0
4628739	12.0
4635005	4.0
4635197	5.0
4635198	6.0
4635199	8.0
4635200	11.0
4635201	12.0
4635736	13.0
4635749	12.0
4635760	13.0
4635772	12.0
4635844	13.0
4635856	12.0
4636111	13.0
4636716	5.0
4636769	6.0
4636770	7.0
4636771	9.0
4636772	12.0
4636773	13.0
4637760	5.0
4637927	6.0
4637928	8.0
4637929	11.0
4637930	13.0
4639107	4.0
4639205	5.0
4639206	6.0
4639207	9.0
4639208	11.0
4639210	12.0
4640375	4.0
4640999	5.0
4641000	6.0
4641001	8.0
4641002	11.0
4641003	12.0
4641012	4.0
4642627	5.0
4642628	6.0
4642629	8.0
4642630	11.0
4642631	12.0
4642664	13.0
4643162	4.0
4643317	5.0
4643318	7.0
4643319	9.0
4643320	12.0
4643321	13.0
4643401	14.0
4643500	13.0
4643553	14.0
4643720	15.0
4643908	14.0
4643910	15.0
4644165	14.0
4644233	15.0
4644245	14.0
4644273	15.0
4644319	14.0
4644499	15.0
4644575	14.0
4644668	15.0
4644680	14.0
4644716	15.0
4644794	14.0
4644987	15.0
4644999	14.0
4645002	15.0
4645013	14.0
4645107	15.0
4645120	14.0
4647323	13.0
4647422	14.0
4647434	13.0
4647483	14.0
4647706	13.0
4647723	14.0
4647732	13.0
4647772	14.0
4648124	13.0
4648391	12.0
4649898	13.0
4649899	14.0
4649906	12.0
4650003	13.0
4650004	14.0
4650266	15.0
4650278	14.0
4650346	15.0
4651137	14.0
4651152	15.0
4651163	14.0
4651282	4.0
4653382	5.0
4653383	6.0
4653384	10.0
4653385	13.0
4653387	14.0
4653466	4.0
4653598	5.0
4653599	7.0
4653600	11.0
4653601	14.0
4653603	15.0
4653611	4.0
4653695	5.0
4653696	6.0
4653697	8.0
4653698	12.0
4653699	15.0
4654125	16.0
4654217	15.0
4654387	14.0
4654959	4.0
4654970	5.0
4654971	7.0
4654972	9.0
4654973	11.0
4654974	13.0
4654975	14.0
4654983	4.0
4655011	5.0
4655012	7.0
4655013	9.0
4655014	11.0
4655015	13.0
4655016	14.0
4655019	14.0
4655023	4.0
4655674	5.0
4655675	7.0
4655676	9.0
4655677	12.0
4655678	14.0
4655984	13.0
4656635	4.0
4656769	5.0
4656770	7.0
4656771	9.0
4656772	11.0
4656773	12.0
4656775	13.0
4656986	14.0
4657000	13.0
4657028	4.0
4657141	5.0
4657171	4.0
4657203	5.0
4657204	8.0
4657205	10.0
4657206	11.0
4657207	13.0
4657208	14.0
4657230	13.0
4657254	14.0
4657270	13.0
4657406	14.0
4657489	15.0
4658134	13.0
4658163	14.0
4658167	15.0
4658168	16.0
4658175	15.0
4658223	16.0
4658287	15.0
4658301	13.0
4658305	14.0
4658306	15.0
4658342	14.0
4658425	15.0
4658542	14.0
4658549	15.0
4659117	12.0
4659264	13.0
4659265	14.0
4659280	12.0
4659329	13.0
4659330	14.0
4659345	12.0
4659354	13.0
4659355	14.0
4659369	12.0
4659532	13.0
4659553	14.0
4659554	15.0
4661634	12.0
4661734	13.0
4661735	15.0
4661836	14.0
4662005	15.0
4662050	16.0
4662064	15.0
4662157	16.0
4662171	15.0
4662207	14.0
4662215	15.0
4662242	14.0
4664484	15.0
4665355	14.0
4665371	15.0
4665951	14.0
4667631	15.0
4667711	14.0
4667889	15.0
4667901	14.0
4671704	15.0
4671716	14.0
4671897	15.0
4671937	14.0
4733024	15.0
4733037	14.0
4737604	13.0
4738567	14.0
4738579	13.0
4739422	14.0
4739453	15.0
4739644	14.0
4739645	13.0
4740972	14.0
4740984	13.0
4741004	14.0
4741016	13.0
4742210	11.0
4742336	12.0
4742338	13.0
4742344	13.0
4742348	11.0
4742714	12.0
4742716	13.0
4742727	11.0
4742778	12.0
4742780	13.0
4743324	11.0
4743808	12.0
4743810	13.0
4744538	11.0
4744693	12.0
4744695	13.0
4744706	11.0
4744828	12.0
4744830	13.0
4745135	11.0
4745327	12.0
4745329	13.0
4745335	13.0
4745339	11.0
4745434	12.0
4745436	13.0
4745442	13.0
4745446	11.0
4745574	12.0
4745576	13.0
4745582	13.0
4745586	11.0
4745942	12.0
4745944	13.0
4746108	11.0
4747113	12.0
4747115	13.0
4747731	11.0
4748022	12.0
4748024	13.0
4748648	11.0
4749230	12.0
4749232	13.0
4749243	11.0
4749245	12.0
4749247	13.0
4749605	11.0
4749956	12.0
4749958	13.0
4750321	14.0
4750334	13.0
4750409	11.0
4750438	12.0
4750440	13.0
4750970	11.0
4751640	12.0
4751642	13.0
4757845	11.0
4758148	12.0
4758150	13.0
4758548	11.0
4759000	12.0
4759002	13.0
4759008	13.0
4759012	11.0
4759533	12.0
4759535	13.0
4759586	11.0
5184515	10.0
5254815	5.0
5255268	6.0
5255269	7.0
5255270	8.0
5255297	6.0
5255778	7.0
5255779	8.0
5255798	8.0
5256025	6.0
5256160	7.0
5256161	8.0
5256175	6.0
5256188	7.0
5256189	8.0
5256334	6.0
5256483	7.0
5256484	8.0
5256491	8.0
5256496	6.0
5256570	5.0
5256983	6.0
5256999	5.0
5263543	4.0
5264610	5.0
5265335	6.0
5265668	5.0
5265785	6.0
5265870	0.0
