412835	1.0
412873	0.0
412881	1.0
415399	0.0
416185	1.0
416667	2.0
416682	1.0
417347	2.0
417960	1.0
418161	0.0
418257	1.0
418272	0.0
418395	1.0
418404	2.0
419455	1.0
419456	0.0
419995	1.0
420064	0.0
420591	1.0
420877	0.0
420886	1.0
420913	2.0
421078	0.0
422605	1.0
422606	2.0
422620	0.0
425578	1.0
425579	2.0
425621	0.0
428071	1.0
428072	2.0
510657	3.0
510658	5.0
510659	6.0
510672	2.0
510685	3.0
510686	5.0
510687	6.0
510700	2.0
510707	3.0
510708	5.0
510709	6.0
510722	2.0
510730	3.0
510731	5.0
510732	6.0
510745	2.0
510752	3.0
510753	5.0
510754	6.0
510767	2.0
510774	3.0
510775	5.0
510776	6.0
510787	7.0
510799	6.0
510803	7.0
510815	6.0
511046	7.0
512933	6.0
514187	3.0
514425	2.0
1005096	3.0
1005110	2.0
1010922	3.0
1010923	4.0
1011623	2.0
1017290	3.0
1017312	2.0
1017418	3.0
1017419	4.0
1017420	5.0
1017426	5.0
1017432	2.0
1024233	3.0
1024283	4.0
1024523	5.0
1024687	6.0
1024748	6.0
1024762	5.0
1024764	6.0
1024774	7.0
1024785	6.0
1024918	7.0
1024919	8.0
1024920	9.0
1025121	10.0
1025513	9.0
1026125	10.0
1026270	11.0
1026631	10.0
1026662	11.0
1026676	10.0
1026700	11.0
1027147	12.0
1028122	13.0
1028145	12.0
1028206	13.0
1029787	12.0
1029822	13.0
1029834	12.0
1029953	13.0
1031251	12.0
1031396	13.0
1031409	12.0
1032070	13.0
1032071	14.0
1032073	15.0
1032074	16.0
1032076	17.0
1032077	18.0
1032078	19.0
1032283	18.0
1032306	19.0
1032409	12.0
1032479	13.0
1032493	12.0
1032984	13.0
1032985	17.0
1032986	18.0
1032987	19.0
1032992	19.0
1032997	12.0
1033141	13.0
1033142	15.0
1033143	18.0
1033144	19.0
1033276	12.0
1033382	13.0
1033383	16.0
1033384	18.0
1033385	19.0
1033397	12.0
1033498	13.0
1033499	17.0
1033500	19.0
1036391	20.0
1036406	19.0
1036408	20.0
1036428	19.0
1036450	20.0
1036609	19.0
1039524	20.0
1039525	21.0
1039526	22.0
1039527	23.0
1040175	19.0
1040404	20.0
1040405	21.0
1040406	22.0
1040407	23.0
1042221	19.0
1042252	20.0
1042253	21.0
1042254	22.0
1042255	23.0
1042266	19.0
1042367	20.0
1042368	21.0
1042369	22.0
1042370	23.0
1042998	19.0
1043097	20.0
1043098	21.0
1043099	22.0
1043100	23.0
1045528	19.0
1045646	20.0
1045647	21.0
1045648	22.0
1045649	23.0
1046434	19.0
1046553	20.0
1046554	21.0
1046555	22.0
1046556	23.0
1046569	19.0
1046642	20.0
1046643	21.0
1046644	22.0
1046645	23.0
1046658	19.0
1046771	20.0
1046772	21.0
1046773	22.0
1046774	23.0
1046786	19.0
1046918	20.0
1046919	21.0
1046920	22.0
1046921	23.0
1046933	19.0
1047149	20.0
1047150	21.0
1047151	22.0
1047152	23.0
1047164	19.0
1047260	20.0
1047261	21.0
1047262	22.0
1047263	23.0
1047275	19.0
1047306	20.0
1047307	21.0
1047308	22.0
1047309	23.0
1047322	19.0
1047479	20.0
1047480	21.0
1047481	22.0
1047482	23.0
1053437	22.0
1106217	20.0
1106848	21.0
1106849	22.0
1110624	23.0
1110648	22.0
1110662	23.0
1110674	22.0
1110689	23.0
1111288	24.0
1111305	23.0
1111506	24.0
1112007	23.0
1112135	20.0
1112218	21.0
1112234	20.0
1112278	21.0
1112279	23.0
1112407	24.0
1112420	23.0
1112486	24.0
1112907	23.0
1113124	24.0
1113779	23.0
1116092	20.0
1116152	21.0
1116153	23.0
1116167	20.0
1116216	21.0
1116217	23.0
1120350	24.0
1120459	23.0
1121009	20.0
1121058	21.0
1121059	23.0
1121624	20.0
1121735	22.0
1121736	23.0
1122081	20.0
1123010	21.0
1123011	23.0
1123403	20.0
1123589	19.0
1123905	20.0
1123906	22.0
1124157	19.0
1126344	20.0
1126345	22.0
1126352	22.0
1126358	19.0
1127277	20.0
1127278	22.0
1127285	22.0
1127291	19.0
1128586	20.0
1128587	22.0
1129054	19.0
1209316	20.0
1209317	21.0
1209331	19.0
1209526	20.0
1209527	21.0
1210092	19.0
1210480	20.0
1210481	21.0
1213023	20.0
1213366	21.0
1214583	20.0
1214654	21.0
1214810	20.0
1214955	21.0
1221512	20.0
1237340	21.0
1237889	20.0
1238313	21.0
1238921	20.0
1239972	21.0
1240008	20.0
1240688	21.0
1240702	20.0
1240845	21.0
1240858	20.0
1241192	21.0
1241205	20.0
1241473	21.0
1241674	20.0
1241729	21.0
1241743	20.0
1241880	21.0
1242511	20.0
1243556	21.0
1243569	20.0
1243721	21.0
1244274	20.0
1244512	21.0
1244526	20.0
1244558	21.0
1245216	20.0
1245472	21.0
1246111	20.0
1246316	21.0
1247173	20.0
1248961	21.0
1248974	20.0
1249045	21.0
1249058	20.0
1249204	21.0
1249577	20.0
1250739	21.0
1251551	20.0
1252672	21.0
1253314	20.0
1254433	21.0
1254635	20.0
1254754	21.0
1255130	20.0
1255393	21.0
1257937	20.0
1258128	21.0
1258787	20.0
1258965	21.0
1258979	20.0
1259102	21.0
1259586	20.0
1259833	21.0
1260521	20.0
1260791	21.0
1260928	20.0
1261056	21.0
1261069	20.0
1261189	21.0
1261413	20.0
1261635	21.0
1262312	20.0
1262532	21.0
1263281	20.0
1263474	21.0
1264112	20.0
1264448	21.0
1265068	20.0
1266113	21.0
1267721	20.0
1268038	21.0
1268678	20.0
1269018	21.0
1269513	20.0
1276035	21.0
1279450	20.0
1282304	21.0
1282317	20.0
1282339	21.0
1282352	20.0
1282563	21.0
1285356	20.0
1285551	21.0
1286325	20.0
1287029	21.0
1323335	20.0
1323473	21.0
1324115	20.0
1324495	21.0
1324990	20.0
1325172	21.0
1325882	20.0
1326080	21.0
1326094	20.0
1326208	21.0
1326782	20.0
1326966	21.0
1326980	20.0
1327115	21.0
1327128	20.0
1327354	21.0
1327367	20.0
1327488	21.0
1327501	20.0
1327701	21.0
1327714	20.0
1328754	21.0
1329641	20.0
1330553	21.0
1331401	20.0
1333273	21.0
1336763	20.0
1336911	21.0
1337592	20.0
1338435	21.0
1338448	20.0
1339553	21.0
1340420	20.0
1340582	21.0
1340596	20.0
1340632	21.0
1342006	20.0
1342272	21.0
1343999	20.0
1344953	21.0
1345726	20.0
1347632	21.0
1349381	20.0
1350352	21.0
1360249	20.0
1360266	21.0
1360279	20.0
1362958	21.0
1365455	20.0
1366728	21.0
1367316	20.0
1371401	21.0
1398141	20.0
1398376	21.0
1398389	20.0
1398540	21.0
1403377	20.0
1404150	21.0
1409512	20.0
1409864	21.0
1410146	20.0
1411588	21.0
1412415	20.0
1413137	21.0
1413151	20.0
1413218	21.0
1413232	20.0
1413338	21.0
1414060	20.0
1414267	21.0
1415914	20.0
1415992	21.0
1417709	20.0
1417868	21.0
1418556	20.0
1418760	21.0
1419593	20.0
1419752	21.0
1419766	20.0
1419787	21.0
1420365	20.0
1423087	21.0
1423101	20.0
1423123	21.0
1423137	20.0
1423347	21.0
1423951	20.0
1425790	21.0
1425803	20.0
1426008	21.0
1426690	20.0
1427040	21.0
1427636	20.0
1427896	21.0
1428451	20.0
1429549	21.0
1429562	20.0
1429668	21.0
1430062	20.0
1430170	21.0
1430183	20.0
1430259	21.0
1430272	20.0
1431389	21.0
1432138	20.0
1433186	21.0
1433874	20.0
1434266	21.0
1434770	20.0
1434989	21.0
1435018	20.0
1435190	21.0
1436482	20.0
1437667	21.0
1443876	20.0
1449009	21.0
1449269	22.0
1449396	21.0
1449413	22.0
1449427	21.0
1449597	22.0
1450467	21.0
1450479	22.0
1450743	23.0
1452201	22.0
1452463	21.0
1452712	22.0
1453509	23.0
1454309	22.0
1454627	23.0
1454639	22.0
1454830	23.0
1455175	22.0
1455628	23.0
1455641	22.0
1464196	23.0
1464235	22.0
1464305	23.0
1464317	22.0
1464649	23.0
1464673	22.0
1464683	23.0
1464695	22.0
1464945	23.0
1464956	22.0
1465306	23.0
1465831	22.0
1465998	23.0
1468342	22.0
1468664	23.0
1468961	22.0
1468974	23.0
1468986	22.0
1469118	23.0
1469354	22.0
1469369	23.0
1473485	24.0
1474062	23.0
1474170	24.0
1490522	25.0
1490536	24.0
1490992	25.0
1495053	24.0
1495658	25.0
1497906	24.0
1500641	25.0
1522296	24.0
1530381	25.0
1532652	24.0
1532727	25.0
1533807	24.0
1534036	25.0
1534214	24.0
1535941	25.0
1536640	24.0
1536831	25.0
1536845	24.0
1536869	25.0
1537413	24.0
1537467	25.0
1537539	24.0
1537706	25.0
1547202	23.0
1547641	24.0
1547642	25.0
1548283	23.0
1548371	24.0
1548372	25.0
1550096	24.0
1550126	22.0
1550680	23.0
1550681	25.0
1550695	22.0
1550913	23.0
1550914	24.0
1550928	22.0
1551637	23.0
1551638	25.0
1552650	24.0
1553359	25.0
1553374	24.0
1553383	25.0
1553397	24.0
1553606	22.0
1553663	23.0
1553664	24.0
1553678	22.0
1553888	23.0
1553902	22.0
1554428	23.0
1554429	25.0
1554716	24.0
1554953	25.0
1555332	24.0
1555601	22.0
1556226	23.0
1556227	24.0
1556241	22.0
1556801	23.0
1556802	24.0
1556886	25.0
1556901	24.0
1557065	25.0
1557079	24.0
1557141	25.0
1560049	22.0
1629811	23.0
1637674	24.0
1637686	23.0
1637793	24.0
1638217	23.0
1638264	24.0
1638388	23.0
1638839	24.0
1640078	19.0
1648591	18.0
1649383	19.0
1651162	18.0
1651172	19.0
1651650	18.0
1651773	19.0
1652235	18.0
1654370	17.0
1721610	18.0
1721623	17.0
1721628	18.0
1721641	17.0
1721653	18.0
1721666	17.0
1721691	18.0
1721707	17.0
1721841	18.0
1723818	17.0
2061767	18.0
2061768	20.0
2061769	22.0
2061900	17.0
2063866	18.0
2063867	19.0
2063868	21.0
2063881	17.0
2066688	18.0
2066689	21.0
2066702	17.0
2066939	18.0
2066940	21.0
2067421	21.0
2067434	17.0
2067497	18.0
2067498	21.0
2067511	17.0
2067939	18.0
2067940	21.0
2068325	17.0
2068493	18.0
2068494	21.0
2072067	17.0
2130709	18.0
2136951	19.0
2136952	20.0
2136953	22.0
2137181	18.0
2216219	19.0
2216234	18.0
2230114	19.0
2230127	18.0
2230937	19.0
2231809	20.0
2233123	19.0
2233623	20.0
2233639	19.0
2233659	20.0
2233673	19.0
2233713	20.0
2234041	21.0
2236624	20.0
2237261	19.0
2237923	20.0
2237924	23.0
2237938	19.0
2238157	20.0
2238158	23.0
2238273	24.0
2238287	23.0
2238288	24.0
2238662	23.0
2238777	24.0
2239337	25.0
2239353	24.0
2240656	25.0
2241749	23.0
2241829	24.0
2241830	25.0
2241896	23.0
2241948	24.0
2241949	25.0
2242131	24.0
2242155	25.0
2242159	22.0
2242200	23.0
2242201	24.0
2242311	25.0
2242323	24.0
2242445	25.0
2242609	24.0
2242676	25.0
2242690	24.0
2242702	25.0
2242716	24.0
2242725	25.0
2244658	26.0
2245771	25.0
2247790	24.0
2247954	25.0
2247965	24.0
2248394	25.0
2248409	24.0
2248419	25.0
2248433	24.0
2251900	23.0
2257952	22.0
2317949	23.0
2317950	24.0
2318807	25.0
2318817	24.0
2318883	25.0
2319064	24.0
2319092	23.0
2319113	24.0
2319157	25.0
2319170	24.0
2319176	25.0
2319236	24.0
2319265	23.0
2319281	24.0
2319292	23.0
2321110	22.0
2321829	23.0
2321840	22.0
2322539	23.0
2322578	24.0
2322589	23.0
2322590	24.0
2322591	25.0
2322598	25.0
2322601	23.0
2322615	24.0
2322616	25.0
2322623	25.0
2322626	23.0
2322686	24.0
2322687	25.0
2322756	24.0
2323278	25.0
2323289	24.0
2323801	25.0
2323847	24.0
2329912	25.0
2329924	22.0
2333832	23.0
2334045	22.0
2676852	21.0
2677500	22.0
2677703	21.0
2735444	22.0
2735458	23.0
2735672	21.0
2735687	22.0
2735688	23.0
2735698	21.0
2736225	22.0
2736226	23.0
2736713	21.0
2754448	20.0
2754522	21.0
2754579	20.0
2821934	21.0
2821947	20.0
2821960	21.0
2821973	20.0
2821987	21.0
2822000	20.0
2822014	21.0
2822027	20.0
2822041	21.0
2822054	20.0
2822068	21.0
2824721	20.0
2824932	21.0
2825632	20.0
2827430	21.0
2827446	20.0
2828035	21.0
2828039	22.0
2828054	21.0
2828064	22.0
2828095	20.0
2829204	18.0
2829232	19.0
2829233	20.0
2830067	18.0
2830426	19.0
2830427	20.0
2830441	18.0
2830556	19.0
2830557	20.0
2830903	18.0
2835697	19.0
2835698	20.0
2835699	21.0
2835700	22.0
2835769	18.0
2837106	17.0
2848717	16.0
2850316	17.0
2850345	16.0
2850528	17.0
2850545	16.0
2916357	17.0
2916446	16.0
2923743	17.0
2923758	16.0
2923861	15.0
2923868	16.0
2923892	17.0
2923906	16.0
2924199	15.0
2925642	16.0
2925657	15.0
2925963	16.0
2925977	15.0
2926440	16.0
2929303	17.0
2929622	16.0
2929733	17.0
2931023	16.0
2931693	17.0
2932342	18.0
2932853	17.0
2993377	18.0
2993392	17.0
2993764	18.0
2993775	17.0
2993839	18.0
2995230	17.0
2995737	18.0
2996980	17.0
2997655	18.0
2997668	17.0
3115909	18.0
3117076	17.0
3118079	18.0
3118245	17.0
3118812	18.0
3119145	17.0
3259996	18.0
3259997	19.0
3260472	17.0
3261647	16.0
3262575	17.0
3263152	16.0
3263371	17.0
3263382	16.0
3263647	17.0
3263819	16.0
3264235	17.0
3352453	18.0
3352464	17.0
3357001	18.0
3357014	17.0
3357315	18.0
3357860	17.0
3432752	16.0
3435917	17.0
3440279	18.0
3440779	17.0
3440815	18.0
3440835	17.0
3440874	18.0
3440885	19.0
3440919	20.0
3441058	21.0
3441059	22.0
3441066	22.0
3441071	20.0
3441100	19.0
3441151	18.0
3441263	19.0
3441278	18.0
3442525	17.0
3442566	18.0
3442580	17.0
3442680	18.0
3442981	19.0
3442982	20.0
3443561	18.0
3444431	19.0
3444446	18.0
3444453	19.0
3444468	18.0
3444480	19.0
3444494	20.0
3444495	19.0
3444507	18.0
3444517	17.0
3444613	18.0
3444630	17.0
3444650	18.0
3444651	19.0
3444664	17.0
3444739	18.0
3445438	19.0
3445439	20.0
3445600	18.0
3445881	19.0
3445882	20.0
3446146	19.0
3446433	20.0
3446583	21.0
3446607	18.0
3446636	19.0
3446637	20.0
3446638	21.0
3446745	19.0
3446746	18.0
3446785	19.0
3446795	18.0
3446918	17.0
3447072	18.0
3447082	17.0
3447160	18.0
3447481	19.0
3447482	20.0
3447494	18.0
3447562	19.0
3447563	20.0
3447953	18.0
3447974	19.0
3447975	20.0
3448328	19.0
3448415	20.0
3449274	18.0
3449391	19.0
3449393	20.0
3451065	12.0
3451080	13.0
3451081	16.0
3451082	18.0
3451083	19.0
3451084	20.0
3451088	20.0
3451093	12.0
3451147	13.0
3451148	16.0
3451149	18.0
3451150	19.0
3451151	20.0
3451160	12.0
3451236	13.0
3451237	16.0
3451238	18.0
3451239	19.0
3451240	20.0
3451649	13.0
3451650	16.0
3451651	18.0
3451652	19.0
3451653	20.0
3451892	21.0
3452018	20.0
3452248	19.0
3452325	17.0
3452442	16.0
3452492	17.0
3452494	18.0
3452553	11.0
3452567	12.0
3452568	14.0
3452569	16.0
3452570	18.0
3452575	18.0
3452579	11.0
3452613	12.0
3452626	11.0
3452638	12.0
3452639	15.0
3452640	17.0
3452642	18.0
3452648	19.0
3452704	9.0
3452710	10.0
3452711	14.0
3452712	17.0
3452713	18.0
3452714	19.0
3452718	19.0
3452724	9.0
3452757	10.0
3452764	11.0
3452765	13.0
3452766	16.0
3452767	18.0
3452768	19.0
3452769	20.0
3452771	19.0
3452779	19.0
3452857	20.0
3452871	19.0
3453000	11.0
3453026	9.0
3453080	10.0
3453081	14.0
3453082	17.0
3453083	19.0
3453084	20.0
3453260	18.0
3453330	19.0
3453331	20.0
3453338	20.0
3453344	18.0
3453346	17.0
3453999	11.0
3454262	12.0
3454263	15.0
3454264	16.0
3454265	17.0
3454270	17.0
3454276	11.0
3454614	12.0
3454615	13.0
3454616	15.0
3454617	16.0
3454618	17.0
3455913	11.0
3456040	12.0
3456041	13.0
3456042	15.0
3456043	16.0
3456044	17.0
3456668	11.0
3456677	12.0
3456678	13.0
3456679	15.0
3456680	16.0
3456681	17.0
3456690	11.0
3456725	12.0
3456726	13.0
3456727	15.0
3456728	16.0
3456729	17.0
3456738	11.0
3457255	12.0
3457256	13.0
3457257	15.0
3457258	16.0
3457259	17.0
3457593	16.0
3457770	17.0
3457779	16.0
3457791	11.0
3458526	12.0
3458527	13.0
3458528	15.0
3458529	16.0
3511445	17.0
3511457	16.0
3527636	17.0
3528076	16.0
4035968	17.0
4035983	16.0
4038484	17.0
4038506	16.0
4048711	17.0
4049076	16.0
4059059	1.0
4059061	2.0
4059062	6.0
4059063	9.0
4059064	11.0
4059065	13.0
4059066	15.0
4059067	16.0
4059076	1.0
4059095	0.0
4059118	1.0
4059119	5.0
4059120	8.0
4059121	10.0
4059122	12.0
4059123	14.0
4059124	15.0
4059325	16.0
4059501	15.0
4059640	0.0
4059975	1.0
4059976	5.0
4059977	8.0
4059978	10.0
4059979	12.0
4059980	14.0
4059981	15.0
4060516	0.0
4060745	1.0
4060746	5.0
4060747	8.0
4060748	10.0
4060749	12.0
4060750	14.0
4060751	15.0
4061085	16.0
4062051	1.0
4062155	2.0
4062156	6.0
4062157	9.0
4062158	11.0
4062159	13.0
4062160	15.0
4062161	16.0
4063257	1.0
4063532	2.0
4063533	6.0
4063534	9.0
4063535	11.0
4063536	13.0
4063537	15.0
4063538	16.0
4065061	15.0
4066376	0.0
4066412	1.0
4066413	5.0
4066414	8.0
4066415	10.0
4066416	12.0
4066417	14.0
4066418	15.0
4066428	0.0
4124677	1.0
4124678	3.0
4124679	6.0
4124680	10.0
4124681	14.0
4124682	15.0
4125278	0.0
4642664	1.0
4642665	3.0
4642666	6.0
4642667	9.0
4642668	12.0
4642669	13.0
4643164	8.0
4643176	9.0
4643191	8.0
4643238	9.0
4643253	8.0
4643313	9.0
4643317	10.0
4643318	11.0
4643319	13.0
4643320	14.0
4643328	13.0
4643401	14.0
4643504	13.0
4643553	14.0
4643720	15.0
4644169	14.0
4644233	15.0
4644247	14.0
4644273	15.0
4644322	14.0
4644499	15.0
4644579	14.0
4644668	15.0
4644683	14.0
4644716	15.0
4644797	14.0
4644987	15.0
4645015	14.0
4645107	15.0
4645122	14.0
4647326	13.0
4647422	14.0
4647435	13.0
4647483	14.0
4647709	13.0
4647723	14.0
4647735	13.0
4647772	14.0
4648126	13.0
4648395	0.0
4653503	1.0
4653504	2.0
4653505	6.0
4653506	9.0
4653508	10.0
4653598	11.0
4653599	12.0
4653600	14.0
4653601	15.0
4653613	10.0
4653695	11.0
4653696	12.0
4653697	14.0
4653698	15.0
4654125	16.0
4654221	0.0
4656986	1.0
4656987	3.0
4656988	6.0
4656989	8.0
4656990	12.0
4656991	14.0
4657003	0.0
4657141	1.0
4657142	2.0
4657143	5.0
4657173	0.0
4657203	1.0
4657204	4.0
4657205	7.0
4657206	11.0
4657207	13.0
4657208	14.0
4657233	0.0
