412835	1.0
412873	0.0
412881	1.0
415399	0.0
418395	1.0
418404	2.0
418410	2.0
419454	1.0
419456	0.0
419995	1.0
420064	0.0
420913	1.0
420914	2.0
421077	1.0
422605	2.0
422619	1.0
425578	2.0
425621	1.0
428071	2.0
510657	3.0
510658	5.0
510659	6.0
510665	6.0
510671	2.0
510685	3.0
510686	5.0
510687	6.0
510693	6.0
510699	2.0
510707	3.0
510708	5.0
510709	6.0
510715	6.0
510721	2.0
510730	3.0
510731	5.0
510732	6.0
510738	6.0
510744	2.0
510752	3.0
510753	5.0
510754	6.0
510760	6.0
510766	2.0
510774	3.0
510775	5.0
510776	6.0
510787	7.0
510798	6.0
510803	7.0
510814	6.0
511046	7.0
512932	6.0
514186	3.0
514424	2.0
1005096	3.0
1005111	2.0
1010922	3.0
1010923	4.0
1011624	2.0
1017290	3.0
1017313	2.0
1017418	3.0
1017419	4.0
1017420	5.0
1017433	2.0
1024233	3.0
1024283	4.0
1024523	5.0
1024687	6.0
1024747	5.0
1024748	6.0
1024761	5.0
1024764	6.0
1024774	7.0
1024784	6.0
1024918	7.0
1024919	8.0
1024920	9.0
1025121	10.0
1025514	9.0
1026125	10.0
1026270	11.0
1026631	10.0
1026662	11.0
1026676	10.0
1026700	11.0
1027147	12.0
1028122	13.0
1028146	12.0
1028206	13.0
1029788	12.0
1029822	13.0
1029835	12.0
1029953	13.0
1031249	12.0
1031396	13.0
1031410	12.0
1032070	13.0
1032071	14.0
1032073	15.0
1032074	16.0
1032076	17.0
1032077	18.0
1032078	19.0
1032281	18.0
1032306	19.0
1032407	12.0
1032479	13.0
1032495	12.0
1032984	13.0
1032985	17.0
1032986	18.0
1032987	19.0
1032992	19.0
1032998	12.0
1033141	13.0
1033142	15.0
1033143	18.0
1033144	19.0
1033274	12.0
1033382	13.0
1033383	16.0
1033384	18.0
1033385	19.0
1033390	19.0
1033395	12.0
1033498	13.0
1033499	17.0
1033500	19.0
1036391	20.0
1036404	19.0
1036408	20.0
1036427	19.0
1036450	20.0
1036607	19.0
1039524	20.0
1039525	21.0
1039526	22.0
1039527	23.0
1040175	19.0
1040404	20.0
1040405	21.0
1040406	22.0
1040407	23.0
1042219	19.0
1042252	20.0
1042253	21.0
1042254	22.0
1042255	23.0
1042266	19.0
1042367	20.0
1042368	21.0
1042369	22.0
1042370	23.0
1042985	22.0
1042986	23.0
1042991	23.0
1042996	19.0
1043097	20.0
1043098	21.0
1043099	22.0
1043100	23.0
1045527	19.0
1045646	20.0
1045647	21.0
1045648	22.0
1045649	23.0
1046432	19.0
1046553	20.0
1046554	21.0
1046555	22.0
1046556	23.0
1046567	19.0
1046642	20.0
1046643	21.0
1046644	22.0
1046645	23.0
1046656	19.0
1046771	20.0
1046772	21.0
1046773	22.0
1046774	23.0
1046779	23.0
1046784	19.0
1046918	20.0
1046919	21.0
1046920	22.0
1046921	23.0
1046926	23.0
1046931	19.0
1047149	20.0
1047150	21.0
1047151	22.0
1047152	23.0
1047157	23.0
1047162	19.0
1047260	20.0
1047261	21.0
1047262	22.0
1047263	23.0
1047268	23.0
1047273	19.0
1047306	20.0
1047307	21.0
1047308	22.0
1047309	23.0
1047320	19.0
1047479	20.0
1047480	21.0
1047481	22.0
1047482	23.0
1053436	22.0
1106215	20.0
1106848	21.0
1106849	22.0
1109094	21.0
1109095	22.0
1110624	23.0
1110646	22.0
1110662	23.0
1110674	22.0
1110689	23.0
1111288	24.0
1111305	23.0
1111506	24.0
1112007	23.0
1112133	20.0
1112218	21.0
1112232	20.0
1112278	21.0
1112279	23.0
1112407	24.0
1112420	23.0
1112486	24.0
1112907	23.0
1113124	24.0
1113777	23.0
1116090	20.0
1116152	21.0
1116153	23.0
1116165	20.0
1116216	21.0
1116217	23.0
1120350	24.0
1120460	23.0
1121007	20.0
1121058	21.0
1121059	23.0
1121622	20.0
1121735	22.0
1121736	23.0
1122079	20.0
1123010	21.0
1123011	23.0
1123401	20.0
1123587	19.0
1123905	20.0
1123906	22.0
1124155	19.0
1126344	20.0
1126345	22.0
1126352	22.0
1126356	19.0
1127277	20.0
1127278	22.0
1127285	22.0
1127289	19.0
1128586	20.0
1128587	22.0
1129052	19.0
1209316	20.0
1209317	21.0
1209329	19.0
1209526	20.0
1209527	21.0
1210090	19.0
1210480	20.0
1210481	21.0
1213021	20.0
1213366	21.0
1214581	20.0
1214654	21.0
1214808	20.0
1214955	21.0
1221510	20.0
1237340	21.0
1237887	20.0
1238313	21.0
1238919	20.0
1239972	21.0
1240006	20.0
1240688	21.0
1240700	20.0
1240845	21.0
1240856	20.0
1241192	21.0
1241203	20.0
1241473	21.0
1241672	20.0
1241729	21.0
1241741	20.0
1241880	21.0
1242509	20.0
1243556	21.0
1243567	20.0
1243721	21.0
1244272	20.0
1244512	21.0
1244524	20.0
1244558	21.0
1245214	20.0
1245472	21.0
1246109	20.0
1246316	21.0
1247171	20.0
1248961	21.0
1248972	20.0
1249045	21.0
1249056	20.0
1249204	21.0
1249575	20.0
1250739	21.0
1251549	20.0
1252672	21.0
1253312	20.0
1254433	21.0
1254633	20.0
1254754	21.0
1255128	20.0
1255393	21.0
1257935	20.0
1258128	21.0
1258785	20.0
1258965	21.0
1258977	20.0
1259102	21.0
1259584	20.0
1259833	21.0
1260519	20.0
1260791	21.0
1260926	20.0
1261056	21.0
1261067	20.0
1261189	21.0
1261411	20.0
1261635	21.0
1262310	20.0
1262532	21.0
1263279	20.0
1263474	21.0
1264110	20.0
1264448	21.0
1265066	20.0
1266113	21.0
1267719	20.0
1268038	21.0
1268676	20.0
1269018	21.0
1269511	20.0
1276035	21.0
1279448	20.0
1282304	21.0
1282315	20.0
1282339	21.0
1282350	20.0
1282563	21.0
1285354	20.0
1285551	21.0
1286323	20.0
1287029	21.0
1323333	20.0
1323473	21.0
1324113	20.0
1324495	21.0
1324988	20.0
1325172	21.0
1325880	20.0
1326080	21.0
1326092	20.0
1326208	21.0
1326780	20.0
1326966	21.0
1326978	20.0
1327115	21.0
1327126	20.0
1327354	21.0
1327365	20.0
1327488	21.0
1327499	20.0
1327701	21.0
1327712	20.0
1328754	21.0
1329639	20.0
1330553	21.0
1331399	20.0
1333273	21.0
1336761	20.0
1336911	21.0
1337590	20.0
1338435	21.0
1338446	20.0
1339553	21.0
1340418	20.0
1340582	21.0
1340594	20.0
1340632	21.0
1342004	20.0
1342272	21.0
1343997	20.0
1344953	21.0
1345724	20.0
1347632	21.0
1349379	20.0
1350352	21.0
1360247	20.0
1360266	21.0
1360277	20.0
1362958	21.0
1365453	20.0
1366728	21.0
1367314	20.0
1371401	21.0
1398139	20.0
1398376	21.0
1398387	20.0
1398540	21.0
1403375	20.0
1404150	21.0
1409510	20.0
1409864	21.0
1410144	20.0
1411588	21.0
1412413	20.0
1413137	21.0
1413149	20.0
1413218	21.0
1413230	20.0
1413338	21.0
1414058	20.0
1414267	21.0
1415912	20.0
1415992	21.0
1416851	21.0
1417707	20.0
1417868	21.0
1418554	20.0
1418760	21.0
1419591	20.0
1419752	21.0
1419764	20.0
1419787	21.0
1420363	20.0
1423087	21.0
1423099	20.0
1423123	21.0
1423135	20.0
1423347	21.0
1423949	20.0
1425790	21.0
1425801	20.0
1426008	21.0
1426688	20.0
1427040	21.0
1427634	20.0
1427896	21.0
1428449	20.0
1429549	21.0
1429560	20.0
1429668	21.0
1430060	20.0
1430170	21.0
1430181	20.0
1430259	21.0
1430270	20.0
1431389	21.0
1432136	20.0
1433186	21.0
1433872	20.0
1434266	21.0
1434768	20.0
1434989	21.0
1435016	20.0
1435190	21.0
1436480	20.0
1437667	21.0
1443874	20.0
1449009	21.0
1449269	22.0
1449396	21.0
1449413	22.0
1449427	21.0
1449597	22.0
1450467	21.0
1450479	22.0
1450743	23.0
1452201	22.0
1452461	21.0
1452712	22.0
1453509	23.0
1454309	22.0
1454627	23.0
1454639	22.0
1454830	23.0
1455175	22.0
1455628	23.0
1455641	22.0
1464196	23.0
1464235	22.0
1464305	23.0
1464317	22.0
1464649	23.0
1464673	22.0
1464683	23.0
1464695	22.0
1464945	23.0
1464956	22.0
1465306	23.0
1465831	22.0
1465998	23.0
1468342	22.0
1468664	23.0
1468961	22.0
1468974	23.0
1468986	22.0
1469118	23.0
1469354	22.0
1469369	23.0
1473485	24.0
1474062	23.0
1474170	24.0
1490522	25.0
1490534	24.0
1490992	25.0
1495051	24.0
1495658	25.0
1497904	24.0
1500641	25.0
1522294	24.0
1530381	25.0
1532650	24.0
1532727	25.0
1533805	24.0
1534036	25.0
1534212	24.0
1535941	25.0
1536638	24.0
1536831	25.0
1536843	24.0
1536869	25.0
1537411	24.0
1537467	25.0
1537537	24.0
1537706	25.0
1547200	23.0
1547641	24.0
1547642	25.0
1548281	23.0
1548371	24.0
1548372	25.0
1550094	24.0
1550124	22.0
1550680	23.0
1550681	25.0
1550693	22.0
1550913	23.0
1550914	24.0
1550926	22.0
1551637	23.0
1551638	25.0
1552648	24.0
1553359	25.0
1553372	24.0
1553383	25.0
1553395	24.0
1553604	22.0
1553663	23.0
1553664	24.0
1553676	22.0
1553888	23.0
1553900	22.0
1554428	23.0
1554429	25.0
1554714	24.0
1554953	25.0
1555330	24.0
1555599	22.0
1556226	23.0
1556227	24.0
1556239	22.0
1556801	23.0
1556802	24.0
1556886	25.0
1556899	24.0
1557065	25.0
1557077	24.0
1557141	25.0
1560047	22.0
1629811	23.0
1637674	24.0
1637685	23.0
1637793	24.0
1638218	23.0
1638264	24.0
1638387	23.0
1638839	24.0
1640077	19.0
1648590	18.0
1649383	19.0
1651161	18.0
1651172	19.0
1651649	18.0
1651773	19.0
1652234	18.0
1654369	17.0
1721610	18.0
1721622	17.0
1721628	18.0
1721640	17.0
1721653	18.0
1721665	17.0
1721691	18.0
1721706	17.0
1721841	18.0
1723817	17.0
2061767	18.0
2061768	20.0
2061769	22.0
2061899	17.0
2063866	18.0
2063867	19.0
2063868	21.0
2063880	17.0
2066688	18.0
2066689	21.0
2066701	17.0
2066939	18.0
2066940	21.0
2067420	18.0
2067421	21.0
2067433	17.0
2067497	18.0
2067498	21.0
2067510	17.0
2067939	18.0
2067940	21.0
2068324	17.0
2068493	18.0
2068494	21.0
2072066	17.0
2130709	18.0
2136951	19.0
2136952	20.0
2136953	22.0
2137180	18.0
2216219	19.0
2216233	18.0
2230114	19.0
2230126	18.0
2230937	19.0
2231809	20.0
2233124	19.0
2233623	20.0
2233638	19.0
2233659	20.0
2233674	19.0
2233713	20.0
2234041	21.0
2236625	20.0
2237262	19.0
2237923	20.0
2237924	23.0
2237937	19.0
2238157	20.0
2238158	23.0
2238273	24.0
2238286	23.0
2238288	24.0
2238661	23.0
2238777	24.0
2239337	25.0
2239352	24.0
2240656	25.0
2241748	23.0
2241829	24.0
2241830	25.0
2241895	23.0
2241948	24.0
2241949	25.0
2242130	24.0
2242155	25.0
2242158	22.0
2242200	23.0
2242201	24.0
2242311	25.0
2242322	24.0
2242445	25.0
2242608	24.0
2242676	25.0
2242689	24.0
2242702	25.0
2242715	24.0
2242725	25.0
2244658	26.0
2245770	25.0
2247792	0.0
2247954	1.0
2247955	2.0
2247956	6.0
2247957	14.0
2247958	18.0
2247959	20.0
2247960	22.0
2247961	24.0
2247962	25.0
2247970	0.0
2248394	1.0
2248395	4.0
2248396	9.0
2248397	15.0
2248398	18.0
2248399	22.0
2248400	24.0
2248401	25.0
2248409	0.0
2248419	1.0
2248420	5.0
2248421	11.0
2248422	18.0
2248423	23.0
2248424	25.0
2248435	0.0
2323278	1.0
2323279	3.0
2323280	9.0
2323281	17.0
2323282	20.0
2323283	22.0
2323284	23.0
2323285	25.0
2323294	0.0
2323801	1.0
2323802	2.0
2323803	4.0
2323804	10.0
2323805	18.0
2323806	21.0
2323807	23.0
2323808	25.0
2323852	0.0
2333832	1.0
2333833	6.0
2333834	14.0
2333835	18.0
2333836	20.0
2333837	21.0
2333838	23.0
2334049	0.0
2334129	1.0
2334169	0.0
2926440	1.0
2926441	5.0
2926442	9.0
2926443	12.0
2926444	14.0
2926445	16.0
2929303	17.0
2929622	16.0
2929733	17.0
2931023	16.0
2931693	17.0
2932342	18.0
2932855	17.0
2993377	18.0
2993392	17.0
2993764	18.0
2993775	17.0
2993839	18.0
2995230	17.0
2995737	18.0
2996980	17.0
2997655	18.0
2997668	17.0
3115909	18.0
3117076	17.0
3118079	18.0
3118245	17.0
3118812	18.0
3119145	17.0
3259996	18.0
3259997	19.0
3260472	17.0
3261647	16.0
3262575	17.0
3263152	16.0
3263371	17.0
3263382	16.0
3263647	17.0
3263819	16.0
3264235	17.0
3352453	18.0
3352464	17.0
3357001	18.0
3357014	17.0
3357315	18.0
3357860	17.0
3432752	16.0
3435917	17.0
3440279	18.0
3440777	17.0
3440815	18.0
3440833	17.0
3440874	18.0
3440885	19.0
3440901	19.0
3440919	20.0
3441058	21.0
3441059	22.0
3441066	22.0
3441069	20.0
3441098	19.0
3441149	18.0
3441263	19.0
3441276	18.0
3442523	17.0
3442566	18.0
3442578	17.0
3442680	18.0
3442981	19.0
3442982	20.0
3443559	18.0
3444431	19.0
3444444	18.0
3444453	19.0
3444466	18.0
3444480	19.0
3444493	18.0
3444494	19.0
3444505	18.0
3444515	17.0
3444613	18.0
3444628	17.0
3444650	18.0
3444651	19.0
3444662	17.0
3444739	18.0
3445438	19.0
3445439	20.0
3445598	18.0
3445881	19.0
3445882	20.0
3446144	19.0
3446433	20.0
3446583	21.0
3446605	18.0
3446636	19.0
3446637	20.0
3446638	21.0
3446743	19.0
3446744	18.0
3446785	19.0
3446793	18.0
3446916	17.0
3447072	18.0
3447080	17.0
3447160	18.0
3447481	19.0
3447482	20.0
3447492	18.0
3447562	19.0
3447563	20.0
3447951	18.0
3447974	19.0
3447975	20.0
3448327	19.0
3448415	20.0
3449274	18.0
3449391	19.0
3449393	20.0
3451063	12.0
3451080	13.0
3451081	16.0
3451082	18.0
3451083	19.0
3451084	20.0
3451088	20.0
3451091	12.0
3451147	13.0
3451148	16.0
3451149	18.0
3451150	19.0
3451151	20.0
3451158	12.0
3451236	13.0
3451237	16.0
3451238	18.0
3451239	19.0
3451240	20.0
3451649	13.0
3451650	16.0
3451651	18.0
3451652	19.0
3451653	20.0
3451892	21.0
3452016	20.0
3452246	19.0
3452323	17.0
3452440	16.0
3452492	17.0
3452494	18.0
3452553	11.0
3452567	12.0
3452568	14.0
3452569	16.0
3452570	18.0
3452575	18.0
3452579	11.0
3452613	12.0
3452624	11.0
3452638	12.0
3452639	15.0
3452640	17.0
3452642	18.0
3452648	19.0
3452702	9.0
3452710	10.0
3452711	14.0
3452712	17.0
3452713	18.0
3452714	19.0
3452718	19.0
3452722	9.0
3452757	10.0
3452764	11.0
3452765	13.0
3452766	16.0
3452767	18.0
3452768	19.0
3452769	19.0
3452777	17.0
3452778	18.0
3452779	19.0
3452857	20.0
3452869	19.0
3453000	11.0
3453024	9.0
3453080	10.0
3453081	14.0
3453082	17.0
3453083	19.0
3453084	20.0
3453258	18.0
3453330	19.0
3453331	20.0
3453338	20.0
3453342	18.0
3453344	17.0
3453999	11.0
3454262	12.0
3454263	15.0
3454264	16.0
3454265	17.0
3454270	17.0
3454274	11.0
3454614	12.0
3454615	13.0
3454616	15.0
3454617	16.0
3454618	17.0
3455913	11.0
3456040	12.0
3456041	13.0
3456042	15.0
3456043	16.0
3456044	17.0
3456668	11.0
3456677	12.0
3456678	13.0
3456679	15.0
3456680	16.0
3456681	17.0
3456690	11.0
3456725	12.0
3456726	13.0
3456727	15.0
3456728	16.0
3456729	17.0
3456738	11.0
3457255	12.0
3457256	13.0
3457257	15.0
3457258	16.0
3457259	17.0
3457593	16.0
3457770	17.0
3457779	16.0
3457791	11.0
3458526	12.0
3458527	13.0
3458528	15.0
3458529	16.0
3511445	17.0
3511457	16.0
3527636	17.0
3528074	16.0
4035968	17.0
4035983	16.0
4038484	17.0
4038506	16.0
4048711	17.0
4049078	16.0
4059058	14.0
4059061	15.0
4059062	16.0
4059076	14.0
4059118	15.0
4059325	16.0
4059499	15.0
4059639	14.0
4059975	15.0
4060515	14.0
4060745	15.0
4061085	16.0
4062051	14.0
4062155	15.0
4062156	16.0
4063257	14.0
4063532	15.0
4063533	16.0
4065059	15.0
4066375	14.0
4066412	15.0
4066427	14.0
4124677	15.0
4125274	14.0
4132214	15.0
4132341	14.0
4133896	15.0
4133965	14.0
4134522	15.0
4135728	14.0
4135817	15.0
4135829	14.0
4135838	15.0
4135848	14.0
4470342	12.0
4471114	13.0
4471115	14.0
4472600	12.0
4473130	13.0
4473131	14.0
4473363	12.0
4473966	13.0
4473967	14.0
4473980	12.0
4474089	13.0
4474090	14.0
4474097	14.0
4474102	12.0
4476595	13.0
4476596	14.0
4476854	12.0
4485516	13.0
4485517	14.0
4486225	12.0
4486231	13.0
4486232	14.0
4486244	12.0
4486319	13.0
4486320	14.0
4487210	12.0
4487389	13.0
4487390	14.0
4488047	12.0
4550122	13.0
4553025	12.0
4553372	13.0
4553573	12.0
4553866	13.0
4553879	12.0
4554413	13.0
4554512	12.0
4554730	13.0
4555127	12.0
4556589	13.0
4556922	14.0
4556960	13.0
4557067	12.0
4557138	13.0
4557194	12.0
4557593	13.0
4557606	12.0
4557791	13.0
4558445	14.0
4558446	15.0
4558697	14.0
4559123	15.0
4559137	14.0
4559322	15.0
4559327	16.0
4559340	15.0
4559455	16.0
4559468	15.0
4560090	14.0
4560094	13.0
4560661	12.0
4560676	13.0
4560841	14.0
4561213	13.0
4561226	14.0
4561238	13.0
4561431	14.0
4561723	13.0
4562072	12.0
4563229	13.0
4563230	14.0
4563243	12.0
4563857	13.0
4565109	12.0
4565381	13.0
4565394	12.0
4565479	13.0
4565492	12.0
4580349	7.0
4580412	8.0
4580413	9.0
4580414	11.0
4580415	12.0
4580550	7.0
4580842	8.0
4580843	9.0
4580844	11.0
4580845	12.0
4581484	7.0
4581653	8.0
4581654	9.0
4581655	11.0
4581656	12.0
4582202	7.0
4582507	8.0
4582508	9.0
4582509	11.0
4582510	12.0
4582520	7.0
4582558	8.0
4582559	9.0
4582560	11.0
4582561	12.0
4583221	7.0
4583494	8.0
4583495	9.0
4583496	11.0
4583497	12.0
4583961	7.0
4584579	8.0
4584580	9.0
4584581	11.0
4584582	12.0
4585397	7.0
4585926	8.0
4585927	9.0
4585928	11.0
4585929	12.0
4627904	13.0
4628740	12.0
4635005	7.0
4635197	8.0
4635198	9.0
4635199	11.0
4635200	12.0
4635736	13.0
4635750	12.0
4635760	13.0
4635775	12.0
4635844	13.0
4635859	12.0
4636111	13.0
4636716	7.0
4636769	8.0
4636770	10.0
4636771	12.0
4636772	13.0
4637760	7.0
4637927	8.0
4637928	10.0
4637929	12.0
4637930	13.0
4639106	12.0
4639107	7.0
4639205	8.0
4639206	9.0
4639207	11.0
4639208	12.0
4640376	7.0
4640999	8.0
4641000	9.0
4641001	11.0
4641002	12.0
4641012	7.0
4642627	8.0
4642628	10.0
4642629	11.0
4642630	12.0
4642664	13.0
4643162	8.0
4643176	9.0
4643189	8.0
4643238	9.0
4643251	8.0
4643313	9.0
4643317	10.0
4643318	11.0
4643319	13.0
4643320	14.0
4643327	13.0
4643401	14.0
4643503	13.0
4643553	14.0
4643720	15.0
4643910	15.0
4644167	14.0
4644233	15.0
4644248	14.0
4644273	15.0
4644322	14.0
4644499	15.0
4644578	14.0
4644668	15.0
4644684	14.0
4644716	15.0
4644797	14.0
4644987	15.0
4645002	15.0
4645016	14.0
4645107	15.0
4645122	14.0
4647327	13.0
4647422	14.0
4647436	13.0
4647483	14.0
4647710	13.0
4647723	14.0
4647736	13.0
4647772	14.0
4648126	13.0
4648394	12.0
4649898	13.0
4649899	14.0
4649906	14.0
4649911	12.0
4650003	13.0
4650004	14.0
4650266	15.0
4650279	14.0
4650346	15.0
4651138	14.0
4651152	15.0
4651164	14.0
4651282	9.0
4651466	10.0
4651480	9.0
4653382	10.0
4653383	11.0
4653384	13.0
4653385	14.0
4653469	9.0
4653503	10.0
4653598	11.0
4653599	12.0
4653600	14.0
4653601	15.0
4653614	10.0
4653695	11.0
4653696	12.0
4653697	14.0
4653698	15.0
4654125	16.0
4654221	15.0
4654391	14.0
4654961	9.0
4654970	10.0
4654971	11.0
4654972	13.0
4654973	14.0
4654985	9.0
4655011	10.0
4655012	11.0
4655013	13.0
4655014	14.0
4655019	14.0
4655025	9.0
4655674	10.0
4655675	11.0
4655676	13.0
4655677	14.0
4655989	13.0
4656637	8.0
4656769	9.0
4656770	12.0
4656771	13.0
4656986	14.0
4657002	13.0
4657027	8.0
4657203	10.0
4657204	11.0
4657205	14.0
4657232	13.0
4657254	14.0
4657266	13.0
4657406	14.0
4657489	15.0
4658128	13.0
4658163	14.0
4658167	15.0
4658168	16.0
4658173	15.0
4658223	16.0
4658293	15.0
4658301	13.0
4658305	14.0
4658306	15.0
4658339	14.0
4658425	15.0
4658540	14.0
4658549	15.0
4659111	12.0
4659264	13.0
4659265	14.0
4659276	12.0
4659329	13.0
4659330	14.0
4659341	12.0
4659354	13.0
4659355	14.0
4659362	14.0
4659365	12.0
4659532	13.0
4659553	14.0
4659554	15.0
4661632	12.0
4661734	13.0
4661735	15.0
4661834	14.0
4662005	15.0
4662050	16.0
4662062	15.0
4662157	16.0
4662169	15.0
4662205	14.0
4662215	15.0
4662240	14.0
4664484	15.0
4665358	14.0
4665371	15.0
4665953	14.0
4667631	15.0
4667713	14.0
4667889	15.0
4667904	14.0
4671704	15.0
4671719	14.0
4671897	15.0
4671940	14.0
4733024	15.0
4733037	14.0
4737607	0.0
4738567	1.0
4738568	3.0
4738569	5.0
4738570	7.0
4738571	10.0
4738572	12.0
4738573	13.0
4738575	14.0
4738582	0.0
4739422	1.0
4739423	3.0
4739424	5.0
4739425	7.0
4739426	10.0
4739427	12.0
4739428	13.0
4739430	14.0
4739453	15.0
4739646	14.0
4739648	0.0
4750321	1.0
4750322	3.0
4750323	5.0
4750324	7.0
4750325	10.0
4750326	12.0
4750327	13.0
4750329	14.0
4750337	0.0
