232462	1.0
232494	0.0
232732	1.0
232877	0.0
232892	1.0
233162	2.0
233200	1.0
233201	0.0
233224	1.0
233276	0.0
322561	1.0
322597	1.0
323209	0.0
333499	1.0
333500	2.0
333532	0.0
333533	1.0
333534	2.0
333548	0.0
333555	1.0
333556	2.0
333719	3.0
333720	4.0
334117	2.0
335183	1.0
340118	0.0
417343	1.0
419785	0.0
512124	1.0
512440	0.0
932606	1.0
932622	0.0
932642	1.0
932658	0.0
933257	1.0
933601	0.0
933666	1.0
933682	0.0
933736	1.0
933751	0.0
934636	1.0
934637	2.0
934638	3.0
934639	4.0
934652	0.0
935106	1.0
935121	0.0
938423	1.0
1010922	2.0
1010923	3.0
1010924	4.0
1011625	1.0
1013248	2.0
1017418	3.0
1017419	5.0
1017426	5.0
1017432	2.0
1018236	3.0
1020719	2.0
1032076	3.0
1032077	6.0
1032078	10.0
1032079	15.0
1032080	17.0
1032081	19.0
1032282	18.0
1032306	19.0
1032407	6.0
1032984	7.0
1032985	9.0
1032986	13.0
1032987	17.0
1032988	19.0
1032992	19.0
1032997	6.0
1033141	7.0
1033142	10.0
1033143	15.0
1033144	17.0
1033145	19.0
1033274	6.0
1033382	7.0
1033383	10.0
1033384	15.0
1033385	17.0
1033386	19.0
1033390	19.0
1033395	6.0
1033498	7.0
1033499	10.0
1033500	15.0
1033501	17.0
1033502	19.0
1036391	20.0
1036406	19.0
1036408	20.0
1036427	19.0
1036450	20.0
1036609	19.0
1039524	20.0
1039525	21.0
1039526	22.0
1039527	23.0
1040173	19.0
1040404	20.0
1040405	21.0
1040406	22.0
1040407	23.0
1042219	19.0
1042252	20.0
1042253	21.0
1042254	22.0
1042255	23.0
1042264	19.0
1042367	20.0
1042368	21.0
1042369	22.0
1042370	23.0
1042985	22.0
1042986	23.0
1042991	23.0
1042996	19.0
1043097	20.0
1043098	21.0
1043099	22.0
1043100	23.0
1045526	19.0
1045646	20.0
1045647	21.0
1045648	22.0
1045649	23.0
1046432	19.0
1046553	20.0
1046554	21.0
1046555	22.0
1046556	23.0
1046567	19.0
1046642	20.0
1046643	21.0
1046644	22.0
1046645	23.0
1046656	19.0
1046771	20.0
1046772	21.0
1046773	22.0
1046774	23.0
1046779	23.0
1046784	19.0
1046918	20.0
1046919	21.0
1046920	22.0
1046921	23.0
1046926	23.0
1046931	19.0
1047149	20.0
1047150	21.0
1047151	22.0
1047152	23.0
1047157	23.0
1047162	19.0
1047260	20.0
1047261	21.0
1047262	22.0
1047263	23.0
1047268	23.0
1047273	19.0
1047306	20.0
1047307	21.0
1047308	22.0
1047309	23.0
1047320	19.0
1047479	20.0
1047480	21.0
1047481	22.0
1047482	23.0
1053435	22.0
1106215	20.0
1106848	21.0
1106849	22.0
1109094	21.0
1109095	22.0
1110624	23.0
1110646	22.0
1110662	23.0
1110674	22.0
1110689	23.0
1111288	24.0
1111303	23.0
1111506	24.0
1112005	23.0
1112133	20.0
1112218	21.0
1112232	20.0
1112278	21.0
1112279	23.0
1112407	24.0
1112420	23.0
1112486	24.0
1112905	23.0
1113124	24.0
1113777	23.0
1116090	20.0
1116152	21.0
1116153	23.0
1116165	20.0
1116216	21.0
1116217	23.0
1120350	24.0
1120457	23.0
1121007	20.0
1121058	21.0
1121059	23.0
1121622	20.0
1121735	22.0
1121736	23.0
1122079	20.0
1123010	21.0
1123011	23.0
1123401	20.0
1123587	19.0
1123905	20.0
1123906	22.0
1124155	19.0
1126344	20.0
1126345	22.0
1126352	22.0
1126356	19.0
1127277	20.0
1127278	22.0
1127285	22.0
1127289	19.0
1128586	20.0
1128587	22.0
1129052	19.0
1209316	20.0
1209317	21.0
1209329	19.0
1209526	20.0
1209527	21.0
1210090	19.0
1210480	20.0
1210481	21.0
1213021	20.0
1213366	21.0
1214581	20.0
1214654	21.0
1214808	20.0
1214955	21.0
1221510	20.0
1237340	21.0
1237887	20.0
1238313	21.0
1238919	20.0
1239972	21.0
1240006	20.0
1240688	21.0
1240700	20.0
1240845	21.0
1240856	20.0
1241192	21.0
1241203	20.0
1241473	21.0
1241672	20.0
1241729	21.0
1241741	20.0
1241880	21.0
1242509	20.0
1243556	21.0
1243567	20.0
1243721	21.0
1244272	20.0
1244512	21.0
1244524	20.0
1244558	21.0
1245214	20.0
1245472	21.0
1246109	20.0
1246316	21.0
1247171	20.0
1248961	21.0
1248972	20.0
1249045	21.0
1249056	20.0
1249204	21.0
1249575	20.0
1250739	21.0
1251549	20.0
1252672	21.0
1253312	20.0
1254433	21.0
1254633	20.0
1254754	21.0
1255128	20.0
1255393	21.0
1257935	20.0
1258128	21.0
1258785	20.0
1258965	21.0
1258977	20.0
1259102	21.0
1259584	20.0
1259833	21.0
1260519	20.0
1260791	21.0
1260926	20.0
1261056	21.0
1261067	20.0
1261189	21.0
1261411	20.0
1261635	21.0
1262310	20.0
1262532	21.0
1263279	20.0
1263474	21.0
1264110	20.0
1264448	21.0
1265066	20.0
1266113	21.0
1267719	20.0
1268038	21.0
1268676	20.0
1269018	21.0
1269511	20.0
1276035	21.0
1279448	20.0
1282304	21.0
1282315	20.0
1282339	21.0
1282350	20.0
1282563	21.0
1285354	20.0
1285551	21.0
1286323	20.0
1287029	21.0
1323333	20.0
1323473	21.0
1324113	20.0
1324495	21.0
1324988	20.0
1325172	21.0
1325880	20.0
1326080	21.0
1326092	20.0
1326208	21.0
1326780	20.0
1326966	21.0
1326978	20.0
1327115	21.0
1327126	20.0
1327354	21.0
1327365	20.0
1327488	21.0
1327499	20.0
1327701	21.0
1327712	20.0
1328754	21.0
1329639	20.0
1330553	21.0
1331399	20.0
1333273	21.0
1336761	20.0
1336911	21.0
1337590	20.0
1338435	21.0
1338446	20.0
1339553	21.0
1340418	20.0
1340582	21.0
1340594	20.0
1340632	21.0
1342004	20.0
1342272	21.0
1343997	20.0
1344953	21.0
1345724	20.0
1347632	21.0
1349379	20.0
1350352	21.0
1360247	20.0
1360266	21.0
1360277	20.0
1362958	21.0
1365453	20.0
1366728	21.0
1367314	20.0
1371401	21.0
1398139	20.0
1398376	21.0
1398387	20.0
1398540	21.0
1403375	20.0
1404150	21.0
1409510	20.0
1409864	21.0
1410144	20.0
1411588	21.0
1412413	20.0
1413137	21.0
1413149	20.0
1413218	21.0
1413230	20.0
1413338	21.0
1414058	20.0
1414267	21.0
1415912	20.0
1415992	21.0
1416851	21.0
1417707	20.0
1417868	21.0
1418554	20.0
1418760	21.0
1419591	20.0
1419752	21.0
1419764	20.0
1419787	21.0
1420363	20.0
1423087	21.0
1423099	20.0
1423123	21.0
1423135	20.0
1423347	21.0
1423949	20.0
1425790	21.0
1425801	20.0
1426008	21.0
1426688	20.0
1427040	21.0
1427634	20.0
1427896	21.0
1428449	20.0
1429549	21.0
1429560	20.0
1429668	21.0
1430060	20.0
1430170	21.0
1430181	20.0
1430259	21.0
1430270	20.0
1431389	21.0
1432136	20.0
1433186	21.0
1433872	20.0
1434266	21.0
1434768	20.0
1434989	21.0
1435016	20.0
1435190	21.0
1436480	20.0
1437667	21.0
1443874	20.0
1449009	21.0
1449269	22.0
1449394	21.0
1449413	22.0
1449425	21.0
1449597	22.0
1450465	21.0
1450479	22.0
1450743	23.0
1452199	22.0
1452461	21.0
1452712	22.0
1453509	23.0
1454307	22.0
1454627	23.0
1454637	22.0
1454830	23.0
1455173	22.0
1455628	23.0
1455639	22.0
1464196	23.0
1464235	22.0
1464305	23.0
1464317	22.0
1464649	23.0
1464673	22.0
1464683	23.0
1464695	22.0
1464945	23.0
1464956	22.0
1465306	23.0
1465831	22.0
1465998	23.0
1468342	22.0
1468664	23.0
1468961	22.0
1468974	23.0
1468986	22.0
1469118	23.0
1469354	22.0
1469369	23.0
1473485	24.0
1474062	23.0
1474170	24.0
1490522	25.0
1490534	24.0
1490992	25.0
1495051	24.0
1495658	25.0
1497904	24.0
1500641	25.0
1522294	24.0
1530381	25.0
1532650	24.0
1532727	25.0
1533805	24.0
1534036	25.0
1534212	24.0
1535941	25.0
1536638	24.0
1536831	25.0
1536843	24.0
1536869	25.0
1537411	24.0
1537467	25.0
1537537	24.0
1537706	25.0
1547200	23.0
1547641	24.0
1547642	25.0
1548281	23.0
1548371	24.0
1548372	25.0
1550094	24.0
1550124	22.0
1550680	23.0
1550681	25.0
1550693	22.0
1550913	23.0
1550914	24.0
1550926	22.0
1551637	23.0
1551638	25.0
1552648	24.0
1553359	25.0
1553372	24.0
1553383	25.0
1553395	24.0
1553604	22.0
1553663	23.0
1553664	24.0
1553676	22.0
1553888	23.0
1553900	22.0
1554428	23.0
1554429	25.0
1554714	24.0
1554953	25.0
1555330	24.0
1555599	22.0
1556226	23.0
1556227	24.0
1556239	22.0
1556801	23.0
1556802	24.0
1556886	25.0
1556899	24.0
1557065	25.0
1557077	24.0
1557141	25.0
1560047	22.0
1629811	23.0
1637674	24.0
1637686	23.0
1637793	24.0
1638217	23.0
1638264	24.0
1638388	23.0
1638839	24.0
1640078	19.0
1648589	18.0
1649383	19.0
1651160	18.0
1651172	19.0
1651648	18.0
1651773	19.0
1652233	18.0
1654370	17.0
1721610	18.0
1721623	17.0
1721628	18.0
1721641	17.0
1721653	18.0
1721666	17.0
1721691	18.0
1721707	17.0
1721841	18.0
1723818	17.0
2061767	18.0
2061768	20.0
2061769	22.0
2061887	22.0
2061898	17.0
2063866	18.0
2063867	19.0
2063868	21.0
2063879	17.0
2066688	18.0
2066689	21.0
2066702	17.0
2066939	18.0
2066940	21.0
2067421	21.0
2067434	17.0
2067497	18.0
2067498	21.0
2067511	17.0
2067939	18.0
2067940	21.0
2068325	17.0
2068493	18.0
2068494	21.0
2072067	17.0
2130709	18.0
2136951	19.0
2136952	20.0
2136953	22.0
2137181	18.0
2216219	19.0
2216232	18.0
2230114	19.0
2230129	18.0
2230937	19.0
2231809	20.0
2233121	19.0
2233623	20.0
2233641	19.0
2233659	20.0
2233671	19.0
2233713	20.0
2234041	21.0
2236622	20.0
2237259	19.0
2237923	20.0
2237924	23.0
2237938	19.0
2238157	20.0
2238158	23.0
2238273	24.0
2238287	23.0
2238288	24.0
2238662	23.0
2238777	24.0
2239337	25.0
2239351	24.0
2240656	25.0
2241749	23.0
2241829	24.0
2241830	25.0
2241896	23.0
2241948	24.0
2241949	25.0
2242131	24.0
2242155	25.0
2242157	22.0
2242200	23.0
2242201	24.0
2242311	25.0
2242323	24.0
2242445	25.0
2242609	24.0
2242676	25.0
2242690	24.0
2242702	25.0
2242716	24.0
2242725	25.0
2244658	26.0
2245769	25.0
2247788	24.0
2247954	25.0
2247963	24.0
2248394	25.0
2248407	24.0
2248419	25.0
2248431	24.0
2251898	23.0
2257954	22.0
2317949	23.0
2317950	24.0
2318807	25.0
2318815	24.0
2318883	25.0
2319062	24.0
2319090	23.0
2319113	24.0
2319157	25.0
2319168	24.0
2319176	25.0
2319234	24.0
2319263	23.0
2319281	24.0
2319290	23.0
2321108	22.0
2321829	23.0
2321838	22.0
2322539	23.0
2322578	24.0
2322587	23.0
2322590	24.0
2322591	25.0
2322598	25.0
2322599	23.0
2322615	24.0
2322616	25.0
2322623	25.0
2322624	23.0
2322686	24.0
2322687	25.0
2322754	24.0
2323278	25.0
2323287	24.0
2323801	25.0
2323845	24.0
2329912	25.0
2329922	22.0
2333832	23.0
2334043	22.0
2676850	21.0
2677500	22.0
2677701	21.0
2735444	22.0
2735458	23.0
2735671	21.0
2735687	22.0
2735688	23.0
2735696	23.0
2735697	21.0
2736225	22.0
2736226	23.0
2736711	21.0
2754446	20.0
2754522	21.0
2754577	20.0
2821934	21.0
2821945	20.0
2821960	21.0
2821971	20.0
2821987	21.0
2821998	20.0
2822014	21.0
2822025	20.0
2822041	21.0
2822052	20.0
2822068	21.0
2824722	0.0
2824932	1.0
2824933	3.0
2824934	5.0
2824935	11.0
2824936	15.0
2824937	20.0
2824938	21.0
2825633	0.0
2828035	1.0
2828036	3.0
2828037	5.0
2828038	11.0
2828039	16.0
2828040	21.0
2828041	22.0
2828054	21.0
2828064	22.0
2828096	1.0
2828213	0.0
2831573	1.0
2831588	0.0
2831806	1.0
2831847	2.0
2831848	3.0
2835697	4.0
2835698	9.0
2835699	16.0
2835700	21.0
2835701	22.0
2835770	3.0
2860786	1.0
2860787	0.0
2916357	1.0
2916358	4.0
2916359	9.0
2916360	13.0
2916361	16.0
2916362	17.0
2916450	0.0
2923868	1.0
2923869	4.0
2923870	9.0
2923871	12.0
2923872	15.0
2923873	16.0
2923892	17.0
2923903	16.0
2924203	0.0
2929303	1.0
2929304	4.0
2929305	9.0
2929306	12.0
2929307	16.0
2929308	17.0
2929626	0.0
2931693	1.0
2931694	4.0
2931695	9.0
2931696	12.0
2931697	16.0
2931698	17.0
2932342	18.0
2932850	17.0
2993377	18.0
2993395	17.0
2993764	18.0
2993778	17.0
2993839	18.0
2995233	17.0
2995737	18.0
2996981	17.0
2997655	18.0
2997669	17.0
3115909	18.0
3117079	17.0
3118079	18.0
3118248	17.0
3118812	18.0
3119148	17.0
3259996	18.0
3259997	19.0
3260475	17.0
3261650	16.0
3262575	17.0
3263155	16.0
3263371	17.0
3263385	16.0
3263647	17.0
3263822	16.0
3264235	17.0
3352453	18.0
3352467	17.0
3357001	18.0
3357015	17.0
3357315	18.0
3357861	17.0
3432756	0.0
5264610	1.0
5264611	3.0
5264612	5.0
5265335	6.0
5265666	5.0
5265785	6.0
5265870	5.0
5266220	4.0
5266356	3.0
5266617	2.0
5266680	0.0
5266788	1.0
5266789	2.0
5266912	3.0
5267073	4.0
5268860	3.0
5268946	2.0
5268968	3.0
5268982	2.0
5268983	1.0
5269058	2.0
5269073	1.0
5269113	0.0
5269122	1.0
5269138	0.0
5269228	1.0
5269244	0.0
5269274	1.0
5269290	0.0
